2021-08-05 00:54:42.768 +06:00 [INF] Application Starting up
2021-08-05 01:02:09.004 +06:00 [INF] Application Starting up
2021-08-05 01:05:34.455 +06:00 [INF] Application Starting up
2021-08-05 01:07:29.080 +06:00 [INF] Application Starting up
2021-08-05 01:08:32.532 +06:00 [INF] Application Starting up
2021-08-05 01:10:19.210 +06:00 [INF] Application Starting up
2021-08-05 01:10:44.273 +06:00 [INF] Application Starting up
2021-08-05 02:47:44.935 +06:00 [INF] Application Starting up
2021-08-05 02:59:30.609 +06:00 [INF] Application Starting up
2021-08-05 03:00:17.830 +06:00 [INF] Application Starting up
2021-08-05 17:14:08.928 +06:00 [INF] Application Starting up
2021-08-05 18:32:23.823 +06:00 [INF] Application Starting up
2021-08-05 18:34:06.549 +06:00 [INF] Application Starting up
2021-08-05 18:35:11.933 +06:00 [INF] Application Starting up
2021-08-05 18:39:09.429 +06:00 [INF] Application Starting up
2021-08-05 18:44:55.029 +06:00 [INF] Application Starting up
2021-08-05 18:45:28.886 +06:00 [INF] Application Starting up
2021-08-05 18:45:56.985 +06:00 [INF] Application Starting up
2021-08-05 18:51:39.549 +06:00 [INF] Application Starting up
2021-08-05 18:52:22.952 +06:00 [INF] Application Starting up
2021-08-05 18:52:47.264 +06:00 [INF] Application Starting up
2021-08-05 18:54:39.812 +06:00 [INF] Application Starting up
2021-08-05 18:55:26.957 +06:00 [INF] Application Starting up
2021-08-05 18:59:07.621 +06:00 [INF] Application Starting up
2021-08-05 19:05:03.979 +06:00 [INF] Application Starting up
2021-08-05 19:05:41.624 +06:00 [INF] Application Starting up
2021-08-05 19:06:03.064 +06:00 [INF] Application Starting up
2021-08-05 19:06:17.374 +06:00 [INF] Application Starting up
2021-08-05 19:09:28.490 +06:00 [INF] Application Starting up
2021-08-05 19:09:29.770 +06:00 [ERR] An unhandled exception has occurred while executing the request.
System.InvalidOperationException: Cannot override the 'action' attribute for <form>. A <form> with a specified 'action' must not have attributes starting with 'asp-route-' or an 'asp-action', 'asp-controller', 'asp-fragment', 'asp-area', 'asp-route', 'asp-page' or 'asp-page-handler' attribute.
   at Microsoft.AspNetCore.Mvc.TagHelpers.FormTagHelper.Process(TagHelperContext context, TagHelperOutput output)
   at Microsoft.AspNetCore.Razor.TagHelpers.TagHelper.ProcessAsync(TagHelperContext context, TagHelperOutput output)
   at Microsoft.AspNetCore.Razor.Runtime.TagHelpers.TagHelperRunner.RunAsync(TagHelperExecutionContext executionContext)
   at AspNetCore.Views_Home_Index.ExecuteAsync() in D:\ASPDOTNET\aspDotNetB5\2.SocialNetwork\SocialNetwork\Views\Home\Index.cshtml:line 2
   at Microsoft.AspNetCore.Mvc.Razor.RazorView.RenderPageCoreAsync(IRazorPage page, ViewContext context)
   at Microsoft.AspNetCore.Mvc.Razor.RazorView.RenderPageAsync(IRazorPage page, ViewContext context, Boolean invokeViewStarts)
   at Microsoft.AspNetCore.Mvc.Razor.RazorView.RenderAsync(ViewContext context)
   at Microsoft.AspNetCore.Mvc.ViewFeatures.ViewExecutor.ExecuteAsync(ViewContext viewContext, String contentType, Nullable`1 statusCode)
   at Microsoft.AspNetCore.Mvc.ViewFeatures.ViewExecutor.ExecuteAsync(ViewContext viewContext, String contentType, Nullable`1 statusCode)
   at Microsoft.AspNetCore.Mvc.ViewFeatures.ViewExecutor.ExecuteAsync(ActionContext actionContext, IView view, ViewDataDictionary viewData, ITempDataDictionary tempData, String contentType, Nullable`1 statusCode)
   at Microsoft.AspNetCore.Mvc.ViewFeatures.ViewResultExecutor.ExecuteAsync(ActionContext context, ViewResult result)
   at Microsoft.AspNetCore.Mvc.ViewResult.ExecuteResultAsync(ActionContext context)
   at Microsoft.AspNetCore.Mvc.Infrastructure.ResourceInvoker.<InvokeNextResultFilterAsync>g__Awaited|29_0[TFilter,TFilterAsync](ResourceInvoker invoker, Task lastTask, State next, Scope scope, Object state, Boolean isCompleted)
   at Microsoft.AspNetCore.Mvc.Infrastructure.ResourceInvoker.Rethrow(ResultExecutedContextSealed context)
   at Microsoft.AspNetCore.Mvc.Infrastructure.ResourceInvoker.ResultNext[TFilter,TFilterAsync](State& next, Scope& scope, Object& state, Boolean& isCompleted)
   at Microsoft.AspNetCore.Mvc.Infrastructure.ResourceInvoker.InvokeResultFilters()
--- End of stack trace from previous location ---
   at Microsoft.AspNetCore.Mvc.Infrastructure.ResourceInvoker.<InvokeNextResourceFilter>g__Awaited|24_0(ResourceInvoker invoker, Task lastTask, State next, Scope scope, Object state, Boolean isCompleted)
   at Microsoft.AspNetCore.Mvc.Infrastructure.ResourceInvoker.Rethrow(ResourceExecutedContextSealed context)
   at Microsoft.AspNetCore.Mvc.Infrastructure.ResourceInvoker.Next(State& next, Scope& scope, Object& state, Boolean& isCompleted)
   at Microsoft.AspNetCore.Mvc.Infrastructure.ResourceInvoker.InvokeFilterPipelineAsync()
--- End of stack trace from previous location ---
   at Microsoft.AspNetCore.Mvc.Infrastructure.ResourceInvoker.<InvokeAsync>g__Awaited|17_0(ResourceInvoker invoker, Task task, IDisposable scope)
   at Microsoft.AspNetCore.Routing.EndpointMiddleware.<Invoke>g__AwaitRequestTask|6_0(Endpoint endpoint, Task requestTask, ILogger logger)
   at Microsoft.AspNetCore.Session.SessionMiddleware.Invoke(HttpContext context)
   at Microsoft.AspNetCore.Session.SessionMiddleware.Invoke(HttpContext context)
   at Microsoft.AspNetCore.Authorization.AuthorizationMiddleware.Invoke(HttpContext context)
   at Microsoft.AspNetCore.Authentication.AuthenticationMiddleware.Invoke(HttpContext context)
   at Microsoft.AspNetCore.Diagnostics.EntityFrameworkCore.MigrationsEndPointMiddleware.Invoke(HttpContext context)
   at Microsoft.AspNetCore.Diagnostics.DeveloperExceptionPageMiddleware.Invoke(HttpContext context)
2021-08-05 19:09:30.822 +06:00 [ERR] An exception occurred while calculating the database error page content. Skipping display of the database error page.
System.InvalidOperationException: StatusCode cannot be set because the response has already started.
   at Microsoft.AspNetCore.Server.IIS.Core.IISHttpContext.ThrowResponseAlreadyStartedException(String name)
   at Microsoft.AspNetCore.Server.IIS.Core.IISHttpContext.set_StatusCode(Int32 value)
   at Microsoft.AspNetCore.Server.IIS.Core.IISHttpContext.Microsoft.AspNetCore.Http.Features.IHttpResponseFeature.set_StatusCode(Int32 value)
   at Microsoft.AspNetCore.Http.DefaultHttpResponse.set_StatusCode(Int32 value)
   at Microsoft.AspNetCore.Diagnostics.EntityFrameworkCore.Views.DatabaseErrorPage.ExecuteAsync()
   at Microsoft.Extensions.RazorViews.BaseView.ExecuteAsync(HttpContext context)
   at Microsoft.AspNetCore.Diagnostics.EntityFrameworkCore.DatabaseDeveloperPageExceptionFilter.HandleExceptionAsync(ErrorContext errorContext, Func`2 next)
2021-08-05 19:09:49.928 +06:00 [INF] Application Starting up
2021-08-05 19:10:53.436 +06:00 [INF] Application Starting up
2021-08-05 19:11:11.772 +06:00 [INF] Application Starting up
2021-08-05 19:11:49.925 +06:00 [INF] Application Starting up
2021-08-05 19:12:11.036 +06:00 [INF] Application Starting up
2021-08-05 19:13:03.213 +06:00 [INF] Application Starting up
2021-08-05 19:13:46.033 +06:00 [INF] Application Starting up
2021-08-05 19:53:25.865 +06:00 [INF] Application Starting up
2021-08-05 19:54:12.071 +06:00 [INF] Application Starting up
2021-08-05 20:22:07.320 +06:00 [INF] Application Starting up
