2021-09-07 08:36:53.482 +06:00 [INF] Application Starting up
2021-09-07 08:46:57.030 +06:00 [INF] Application Starting up
2021-09-07 09:03:22.869 +06:00 [INF] Application Starting up
2021-09-07 09:31:15.571 +06:00 [INF] Application Starting up
2021-09-07 10:07:38.118 +06:00 [INF] Application Starting up
2021-09-07 10:14:59.677 +06:00 [INF] Application Starting up
2021-09-07 10:56:16.141 +06:00 [INF] Application Starting up
2021-09-07 11:05:19.152 +06:00 [INF] Application Starting up
2021-09-07 12:06:14.130 +06:00 [INF] Application Starting up
2021-09-07 17:00:15.308 +06:00 [INF] Application Starting up
2021-09-07 17:08:21.819 +06:00 [INF] Application Starting up
2021-09-07 17:10:25.954 +06:00 [INF] Application Starting up
2021-09-07 17:13:33.650 +06:00 [INF] Application Starting up
2021-09-07 18:46:38.131 +06:00 [INF] Application Starting up
2021-09-07 18:47:12.810 +06:00 [INF] Application Starting up
2021-09-07 18:48:39.840 +06:00 [INF] Application Starting up
2021-09-07 18:50:20.772 +06:00 [INF] Application Starting up
2021-09-07 21:59:42.947 +06:00 [INF] Application Starting up
2021-09-07 22:02:41.645 +06:00 [INF] Application Starting up
2021-09-07 22:08:55.179 +06:00 [INF] Application Starting up
2021-09-07 22:09:48.207 +06:00 [INF] Application Starting up
2021-09-07 22:10:07.153 +06:00 [INF] Application Starting up
2021-09-07 22:12:40.322 +06:00 [INF] Application Starting up
2021-09-07 22:13:00.139 +06:00 [INF] Application Starting up
2021-09-07 22:24:16.769 +06:00 [INF] Application Starting up
2021-09-07 22:25:07.332 +06:00 [INF] Application Starting up
2021-09-07 22:25:08.397 +06:00 [ERR] An unhandled exception has occurred while executing the request.
System.InvalidOperationException: The constraint reference 'User' could not be resolved to a type. Register the constraint type with 'Microsoft.AspNetCore.Routing.RouteOptions.ConstraintMap'.
   at Microsoft.AspNetCore.Routing.DefaultParameterPolicyFactory.Create(RoutePatternParameterPart parameter, String inlineText)
   at Microsoft.AspNetCore.Routing.ParameterPolicyFactory.Create(RoutePatternParameterPart parameter, RoutePatternParameterPolicyReference reference)
   at Microsoft.AspNetCore.Routing.Patterns.DefaultRoutePatternTransformer.MatchesConstraints(RoutePattern pattern, RoutePatternParameterPart parameter, String key, RouteValueDictionary requiredValues)
   at Microsoft.AspNetCore.Routing.Patterns.DefaultRoutePatternTransformer.SubstituteRequiredValuesCore(RoutePattern original, RouteValueDictionary requiredValues)
   at Microsoft.AspNetCore.Routing.Patterns.DefaultRoutePatternTransformer.SubstituteRequiredValues(RoutePattern original, Object requiredValues)
   at Microsoft.AspNetCore.Mvc.Routing.ActionEndpointFactory.AddEndpoints(List`1 endpoints, HashSet`1 routeNames, ActionDescriptor action, IReadOnlyList`1 routes, IReadOnlyList`1 conventions, Boolean createInertEndpoints)
   at Microsoft.AspNetCore.Mvc.Routing.ControllerActionEndpointDataSource.CreateEndpoints(IReadOnlyList`1 actions, IReadOnlyList`1 conventions)
   at Microsoft.AspNetCore.Mvc.Routing.ActionEndpointDataSourceBase.UpdateEndpoints()
   at Microsoft.AspNetCore.Mvc.Routing.ActionEndpointDataSourceBase.Initialize()
   at Microsoft.AspNetCore.Mvc.Routing.ActionEndpointDataSourceBase.get_Endpoints()
   at Microsoft.AspNetCore.Routing.CompositeEndpointDataSource.<>c.<Initialize>b__15_0(EndpointDataSource d)
   at System.Linq.Enumerable.SelectManySingleSelectorIterator`2.ToArray()
   at System.Linq.Enumerable.ToArray[TSource](IEnumerable`1 source)
   at Microsoft.AspNetCore.Routing.CompositeEndpointDataSource.Initialize()
   at Microsoft.AspNetCore.Routing.CompositeEndpointDataSource.GetChangeToken()
   at Microsoft.AspNetCore.Routing.DataSourceDependentCache`1.Initialize()
   at System.Threading.LazyInitializer.EnsureInitializedCore[T](T& target, Boolean& initialized, Object& syncLock, Func`1 valueFactory)
   at System.Threading.LazyInitializer.EnsureInitialized[T](T& target, Boolean& initialized, Object& syncLock, Func`1 valueFactory)
   at Microsoft.AspNetCore.Routing.Matching.DataSourceDependentMatcher..ctor(EndpointDataSource dataSource, Lifetime lifetime, Func`1 matcherBuilderFactory)
   at Microsoft.AspNetCore.Routing.Matching.DfaMatcherFactory.CreateMatcher(EndpointDataSource dataSource)
   at Microsoft.AspNetCore.Routing.EndpointRoutingMiddleware.InitializeCoreAsync()
--- End of stack trace from previous location ---
   at Microsoft.AspNetCore.Routing.EndpointRoutingMiddleware.<Invoke>g__AwaitMatcher|8_0(EndpointRoutingMiddleware middleware, HttpContext httpContext, Task`1 matcherTask)
   at Microsoft.AspNetCore.Diagnostics.EntityFrameworkCore.MigrationsEndPointMiddleware.Invoke(HttpContext context)
   at Microsoft.AspNetCore.Diagnostics.DeveloperExceptionPageMiddleware.Invoke(HttpContext context)
2021-09-07 22:25:11.540 +06:00 [ERR] An exception occurred while calculating the database error page content. Skipping display of the database error page.
System.InvalidOperationException: StatusCode cannot be set because the response has already started.
   at Microsoft.AspNetCore.Server.IIS.Core.IISHttpContext.ThrowResponseAlreadyStartedException(String name)
   at Microsoft.AspNetCore.Server.IIS.Core.IISHttpContext.set_StatusCode(Int32 value)
   at Microsoft.AspNetCore.Server.IIS.Core.IISHttpContext.Microsoft.AspNetCore.Http.Features.IHttpResponseFeature.set_StatusCode(Int32 value)
   at Microsoft.AspNetCore.Http.DefaultHttpResponse.set_StatusCode(Int32 value)
   at Microsoft.AspNetCore.Diagnostics.EntityFrameworkCore.Views.DatabaseErrorPage.ExecuteAsync()
   at Microsoft.Extensions.RazorViews.BaseView.ExecuteAsync(HttpContext context)
   at Microsoft.AspNetCore.Diagnostics.EntityFrameworkCore.DatabaseDeveloperPageExceptionFilter.HandleExceptionAsync(ErrorContext errorContext, Func`2 next)
2021-09-07 22:26:23.136 +06:00 [INF] Application Starting up
2021-09-07 22:26:24.198 +06:00 [ERR] An unhandled exception has occurred while executing the request.
System.InvalidOperationException: The constraint reference 'User' could not be resolved to a type. Register the constraint type with 'Microsoft.AspNetCore.Routing.RouteOptions.ConstraintMap'.
   at Microsoft.AspNetCore.Routing.DefaultParameterPolicyFactory.Create(RoutePatternParameterPart parameter, String inlineText)
   at Microsoft.AspNetCore.Routing.ParameterPolicyFactory.Create(RoutePatternParameterPart parameter, RoutePatternParameterPolicyReference reference)
   at Microsoft.AspNetCore.Routing.Patterns.DefaultRoutePatternTransformer.MatchesConstraints(RoutePattern pattern, RoutePatternParameterPart parameter, String key, RouteValueDictionary requiredValues)
   at Microsoft.AspNetCore.Routing.Patterns.DefaultRoutePatternTransformer.SubstituteRequiredValuesCore(RoutePattern original, RouteValueDictionary requiredValues)
   at Microsoft.AspNetCore.Routing.Patterns.DefaultRoutePatternTransformer.SubstituteRequiredValues(RoutePattern original, Object requiredValues)
   at Microsoft.AspNetCore.Mvc.Routing.ActionEndpointFactory.AddEndpoints(List`1 endpoints, HashSet`1 routeNames, ActionDescriptor action, IReadOnlyList`1 routes, IReadOnlyList`1 conventions, Boolean createInertEndpoints)
   at Microsoft.AspNetCore.Mvc.Routing.ControllerActionEndpointDataSource.CreateEndpoints(IReadOnlyList`1 actions, IReadOnlyList`1 conventions)
   at Microsoft.AspNetCore.Mvc.Routing.ActionEndpointDataSourceBase.UpdateEndpoints()
   at Microsoft.AspNetCore.Mvc.Routing.ActionEndpointDataSourceBase.Initialize()
   at Microsoft.AspNetCore.Mvc.Routing.ActionEndpointDataSourceBase.get_Endpoints()
   at Microsoft.AspNetCore.Routing.CompositeEndpointDataSource.<>c.<Initialize>b__15_0(EndpointDataSource d)
   at System.Linq.Enumerable.SelectManySingleSelectorIterator`2.ToArray()
   at System.Linq.Enumerable.ToArray[TSource](IEnumerable`1 source)
   at Microsoft.AspNetCore.Routing.CompositeEndpointDataSource.Initialize()
   at Microsoft.AspNetCore.Routing.CompositeEndpointDataSource.GetChangeToken()
   at Microsoft.AspNetCore.Routing.DataSourceDependentCache`1.Initialize()
   at System.Threading.LazyInitializer.EnsureInitializedCore[T](T& target, Boolean& initialized, Object& syncLock, Func`1 valueFactory)
   at System.Threading.LazyInitializer.EnsureInitialized[T](T& target, Boolean& initialized, Object& syncLock, Func`1 valueFactory)
   at Microsoft.AspNetCore.Routing.Matching.DataSourceDependentMatcher..ctor(EndpointDataSource dataSource, Lifetime lifetime, Func`1 matcherBuilderFactory)
   at Microsoft.AspNetCore.Routing.Matching.DfaMatcherFactory.CreateMatcher(EndpointDataSource dataSource)
   at Microsoft.AspNetCore.Routing.EndpointRoutingMiddleware.InitializeCoreAsync()
--- End of stack trace from previous location ---
   at Microsoft.AspNetCore.Routing.EndpointRoutingMiddleware.<Invoke>g__AwaitMatcher|8_0(EndpointRoutingMiddleware middleware, HttpContext httpContext, Task`1 matcherTask)
   at Microsoft.AspNetCore.Diagnostics.EntityFrameworkCore.MigrationsEndPointMiddleware.Invoke(HttpContext context)
   at Microsoft.AspNetCore.Diagnostics.DeveloperExceptionPageMiddleware.Invoke(HttpContext context)
2021-09-07 22:26:25.071 +06:00 [ERR] An exception occurred while calculating the database error page content. Skipping display of the database error page.
System.InvalidOperationException: StatusCode cannot be set because the response has already started.
   at Microsoft.AspNetCore.Server.IIS.Core.IISHttpContext.ThrowResponseAlreadyStartedException(String name)
   at Microsoft.AspNetCore.Server.IIS.Core.IISHttpContext.set_StatusCode(Int32 value)
   at Microsoft.AspNetCore.Server.IIS.Core.IISHttpContext.Microsoft.AspNetCore.Http.Features.IHttpResponseFeature.set_StatusCode(Int32 value)
   at Microsoft.AspNetCore.Http.DefaultHttpResponse.set_StatusCode(Int32 value)
   at Microsoft.AspNetCore.Diagnostics.EntityFrameworkCore.Views.DatabaseErrorPage.ExecuteAsync()
   at Microsoft.Extensions.RazorViews.BaseView.ExecuteAsync(HttpContext context)
   at Microsoft.AspNetCore.Diagnostics.EntityFrameworkCore.DatabaseDeveloperPageExceptionFilter.HandleExceptionAsync(ErrorContext errorContext, Func`2 next)
2021-09-07 22:26:37.846 +06:00 [INF] Application Starting up
2021-09-07 22:27:01.646 +06:00 [INF] Application Starting up
2021-09-07 22:27:25.843 +06:00 [INF] Application Starting up
2021-09-07 22:28:12.188 +06:00 [INF] Application Starting up
2021-09-07 22:33:23.850 +06:00 [INF] Application Starting up
2021-09-07 22:33:42.792 +06:00 [INF] Application Starting up
2021-09-07 23:21:24.406 +06:00 [INF] Application Starting up
2021-09-07 23:22:36.196 +06:00 [INF] Application Starting up
2021-09-07 23:57:23.019 +06:00 [INF] Application Starting up
