2021-09-23 00:03:14.319 +06:00 [INF] Application Starting up
2021-09-23 00:04:17.332 +06:00 [INF] User logged in.
2021-09-23 00:05:35.262 +06:00 [INF] Application Starting up
2021-09-23 00:06:13.763 +06:00 [INF] User logged in.
2021-09-23 00:06:13.778 +06:00 [ERR] An unhandled exception has occurred while executing the request.
System.InvalidOperationException: The AuthorizationPolicy named: 'RestrictedArea' was not found.
   at Microsoft.AspNetCore.Authorization.AuthorizationPolicy.CombineAsync(IAuthorizationPolicyProvider policyProvider, IEnumerable`1 authorizeData)
   at Microsoft.AspNetCore.Authorization.AuthorizationMiddleware.Invoke(HttpContext context)
   at Microsoft.AspNetCore.Authentication.AuthenticationMiddleware.Invoke(HttpContext context)
   at Microsoft.AspNetCore.Diagnostics.EntityFrameworkCore.MigrationsEndPointMiddleware.Invoke(HttpContext context)
   at Microsoft.AspNetCore.Diagnostics.DeveloperExceptionPageMiddleware.Invoke(HttpContext context)
2021-09-23 00:06:35.769 +06:00 [INF] Application Starting up
2021-09-23 00:07:32.522 +06:00 [INF] Application Starting up
2021-09-23 00:08:07.035 +06:00 [INF] User logged in.
2021-09-23 00:09:24.765 +06:00 [INF] Application Starting up
2021-09-23 00:09:40.467 +06:00 [INF] User logged in.
2021-09-23 00:10:09.131 +06:00 [INF] Application Starting up
2021-09-23 00:10:47.866 +06:00 [ERR] An unhandled exception has occurred while executing the request.
System.Net.Mail.SmtpException: Failure sending mail.
 ---> System.Net.Internals.SocketExceptionFactory+ExtendedSocketException (10060): A connection attempt failed because the connected party did not properly respond after a period of time, or established connection failed because connected host has failed to respond. [::ffff:74.125.24.109]:587
   at System.Net.Sockets.Socket.DoConnect(EndPoint endPointSnapshot, SocketAddress socketAddress)
   at System.Net.Sockets.Socket.Connect(EndPoint remoteEP)
   at System.Net.Sockets.TcpClient.Connect(IPEndPoint remoteEP)
   at System.Net.Sockets.TcpClient.Connect(String hostname, Int32 port)
--- End of stack trace from previous location ---
   at System.Net.Sockets.TcpClient.Connect(String hostname, Int32 port)
   at System.Net.Mail.SmtpConnection.GetConnection(String host, Int32 port)
   at System.Net.Mail.SmtpTransport.GetConnection(String host, Int32 port)
   at System.Net.Mail.SmtpClient.GetConnection()
   at System.Net.Mail.SmtpClient.Send(MailMessage message)
   --- End of inner exception stack trace ---
   at System.Net.Mail.SmtpClient.Send(MailMessage message)
   at DataImporter.Services.EmailSender.SendEmailAsync(String email, String subject, String htmlMessage) in D:\#FinalProject\3\DataImporter\Services\EmailService.cs:line 37
   at DataImporter.Controllers.AccountController.Register(RegisterModel model) in D:\#FinalProject\3\DataImporter\Controllers\AccountController.cs:line 94
   at Microsoft.AspNetCore.Mvc.Infrastructure.ActionMethodExecutor.TaskOfIActionResultExecutor.Execute(IActionResultTypeMapper mapper, ObjectMethodExecutor executor, Object controller, Object[] arguments)
   at Microsoft.AspNetCore.Mvc.Infrastructure.ControllerActionInvoker.<InvokeActionMethodAsync>g__Awaited|12_0(ControllerActionInvoker invoker, ValueTask`1 actionResultValueTask)
   at Microsoft.AspNetCore.Mvc.Infrastructure.ControllerActionInvoker.<InvokeNextActionFilterAsync>g__Awaited|10_0(ControllerActionInvoker invoker, Task lastTask, State next, Scope scope, Object state, Boolean isCompleted)
   at Microsoft.AspNetCore.Mvc.Infrastructure.ControllerActionInvoker.Rethrow(ActionExecutedContextSealed context)
   at Microsoft.AspNetCore.Mvc.Infrastructure.ControllerActionInvoker.Next(State& next, Scope& scope, Object& state, Boolean& isCompleted)
   at Microsoft.AspNetCore.Mvc.Infrastructure.ControllerActionInvoker.<InvokeInnerFilterAsync>g__Awaited|13_0(ControllerActionInvoker invoker, Task lastTask, State next, Scope scope, Object state, Boolean isCompleted)
   at Microsoft.AspNetCore.Mvc.Infrastructure.ResourceInvoker.<InvokeNextResourceFilter>g__Awaited|24_0(ResourceInvoker invoker, Task lastTask, State next, Scope scope, Object state, Boolean isCompleted)
   at Microsoft.AspNetCore.Mvc.Infrastructure.ResourceInvoker.Rethrow(ResourceExecutedContextSealed context)
   at Microsoft.AspNetCore.Mvc.Infrastructure.ResourceInvoker.Next(State& next, Scope& scope, Object& state, Boolean& isCompleted)
   at Microsoft.AspNetCore.Mvc.Infrastructure.ResourceInvoker.<InvokeFilterPipelineAsync>g__Awaited|19_0(ResourceInvoker invoker, Task lastTask, State next, Scope scope, Object state, Boolean isCompleted)
   at Microsoft.AspNetCore.Mvc.Infrastructure.ResourceInvoker.<InvokeAsync>g__Awaited|17_0(ResourceInvoker invoker, Task task, IDisposable scope)
   at Microsoft.AspNetCore.Routing.EndpointMiddleware.<Invoke>g__AwaitRequestTask|6_0(Endpoint endpoint, Task requestTask, ILogger logger)
   at Microsoft.AspNetCore.Session.SessionMiddleware.Invoke(HttpContext context)
   at Microsoft.AspNetCore.Session.SessionMiddleware.Invoke(HttpContext context)
   at Microsoft.AspNetCore.Authorization.AuthorizationMiddleware.Invoke(HttpContext context)
   at Microsoft.AspNetCore.Authentication.AuthenticationMiddleware.Invoke(HttpContext context)
   at Microsoft.AspNetCore.Diagnostics.EntityFrameworkCore.MigrationsEndPointMiddleware.Invoke(HttpContext context)
   at Microsoft.AspNetCore.Diagnostics.DeveloperExceptionPageMiddleware.Invoke(HttpContext context)
2021-09-23 00:11:36.461 +06:00 [INF] Application Starting up
2021-09-23 00:12:10.606 +06:00 [INF] User logged in.
2021-09-23 00:12:58.056 +06:00 [INF] Application Starting up
2021-09-23 00:13:35.483 +06:00 [INF] User logged in.
2021-09-23 00:14:42.500 +06:00 [INF] Application Starting up
2021-09-23 00:15:18.407 +06:00 [INF] User logged in.
2021-09-23 00:16:10.313 +06:00 [INF] Application Starting up
2021-09-23 00:16:49.979 +06:00 [WRN] User validation failed: DuplicateUserName.
2021-09-23 00:16:50.018 +06:00 [WRN] User validation failed: DuplicateUserName.
2021-09-23 00:17:01.944 +06:00 [INF] User logged in.
2021-09-23 00:17:35.605 +06:00 [INF] Application Starting up
2021-09-23 00:17:53.016 +06:00 [INF] Application Starting up
2021-09-23 00:18:13.896 +06:00 [INF] User logged in.
2021-09-23 00:19:13.918 +06:00 [INF] Application Starting up
2021-09-23 00:19:21.333 +06:00 [INF] User logged in.
2021-09-23 00:21:28.567 +06:00 [INF] Application Starting up
