2021-08-04 18:01:55.300 +06:00 [INF] Application started.
2021-08-04 18:02:05.924 +06:00 [INF] Application started.
2021-08-04 18:03:22.525 +06:00 [INF] Application started.
2021-08-04 18:08:08.758 +06:00 [INF] Application started.
2021-08-04 18:09:00.568 +06:00 [INF] Application started.
2021-08-04 18:10:52.069 +06:00 [INF] Application started.
2021-08-04 18:14:03.312 +06:00 [INF] Application started.
2021-08-04 18:15:48.088 +06:00 [INF] Application started.
2021-08-04 18:16:49.100 +06:00 [INF] Application started.
2021-08-04 18:18:07.996 +06:00 [INF] Application started.
2021-08-04 18:20:14.107 +06:00 [INF] Application started.
2021-08-04 18:50:49.226 +06:00 [INF] Application started.
2021-08-04 18:51:28.169 +06:00 [INF] Application started.
2021-08-04 19:06:13.789 +06:00 [INF] Application started.
2021-08-04 19:11:49.437 +06:00 [INF] Application started.
2021-08-04 19:18:32.325 +06:00 [ERR] Add Product Failed
TicketBookingSystem.Booking.Exceptions.DuplicateException: Product Name
   at InventorySystem.Store.Services.InventoryService.CreateProduct(Product product) in D:\assingment-3\5. InventorySystem\InventorySystem.Store\Services\InventoryService.cs:line 48
   at InventorySystem.Areas.Admin.Models.CreateProductModel.CreateProduct() in D:\assingment-3\5. InventorySystem\InventorySystem\Areas\Admin\Models\CreateProductModel.cs:line 33
   at InventorySystem.Areas.Admin.Controllers.InventoryController.Create(CreateProductModel model) in D:\assingment-3\5. InventorySystem\InventorySystem\Areas\Admin\Controllers\InventoryController.cs:line 62
2021-08-04 20:29:15.179 +06:00 [INF] Application started.
2021-08-04 20:44:05.916 +06:00 [INF] Application started.
