2021-09-06 11:46:11.106 +06:00 [INF] Application Starting up
2021-09-06 11:59:39.547 +06:00 [INF] Application Starting up
2021-09-06 12:02:20.824 +06:00 [INF] Application Starting up
2021-09-06 12:04:00.822 +06:00 [INF] Application Starting up
2021-09-06 12:05:12.134 +06:00 [INF] Application Starting up
2021-09-06 12:06:35.701 +06:00 [INF] Application Starting up
2021-09-06 12:06:54.296 +06:00 [INF] Application Starting up
2021-09-06 12:08:36.148 +06:00 [INF] Application Starting up
2021-09-06 12:09:45.820 +06:00 [INF] Application Starting up
2021-09-06 12:11:01.607 +06:00 [INF] Application Starting up
2021-09-06 12:13:36.995 +06:00 [INF] Application Starting up
2021-09-06 12:15:12.978 +06:00 [INF] Application Starting up
2021-09-06 12:25:28.114 +06:00 [INF] Application Starting up
2021-09-06 12:26:28.879 +06:00 [INF] Application Starting up
2021-09-06 12:27:44.080 +06:00 [INF] Application Starting up
2021-09-06 12:28:36.200 +06:00 [INF] Application Starting up
2021-09-06 12:32:23.255 +06:00 [INF] Application Starting up
2021-09-06 12:32:58.500 +06:00 [INF] Application Starting up
2021-09-06 12:43:30.683 +06:00 [INF] Application Starting up
2021-09-06 12:45:52.699 +06:00 [INF] Application Starting up
2021-09-06 12:46:00.581 +06:00 [ERR] An unhandled exception has occurred while executing the request.
System.InvalidOperationException: The partial view '_deletePartial' was not found. The following locations were searched:
/Areas/User/Views/DataImporter/_deletePartial.cshtml
/Areas/User/Views/Shared/_deletePartial.cshtml
/Views/Shared/_deletePartial.cshtml
/Pages/Shared/_deletePartial.cshtml
   at Microsoft.AspNetCore.Mvc.TagHelpers.PartialTagHelper.ProcessAsync(TagHelperContext context, TagHelperOutput output)
   at Microsoft.AspNetCore.Razor.Runtime.TagHelpers.TagHelperRunner.<RunAsync>g__Awaited|0_0(Task task, TagHelperExecutionContext executionContext, Int32 i, Int32 count)
   at AspNetCore.Areas_User_Views_DataImporter_ViewGroups.ExecuteAsync() in D:\#FinalProject\DataImporter\DataImporter\Areas\User\Views\DataImporter\ViewGroups.cshtml:line 3
   at Microsoft.AspNetCore.Mvc.Razor.RazorView.RenderPageCoreAsync(IRazorPage page, ViewContext context)
   at Microsoft.AspNetCore.Mvc.Razor.RazorView.RenderPageAsync(IRazorPage page, ViewContext context, Boolean invokeViewStarts)
   at Microsoft.AspNetCore.Mvc.Razor.RazorView.RenderAsync(ViewContext context)
   at Microsoft.AspNetCore.Mvc.ViewFeatures.ViewExecutor.ExecuteAsync(ViewContext viewContext, String contentType, Nullable`1 statusCode)
   at Microsoft.AspNetCore.Mvc.ViewFeatures.ViewExecutor.ExecuteAsync(ViewContext viewContext, String contentType, Nullable`1 statusCode)
   at Microsoft.AspNetCore.Mvc.ViewFeatures.ViewExecutor.ExecuteAsync(ActionContext actionContext, IView view, ViewDataDictionary viewData, ITempDataDictionary tempData, String contentType, Nullable`1 statusCode)
   at Microsoft.AspNetCore.Mvc.ViewFeatures.ViewResultExecutor.ExecuteAsync(ActionContext context, ViewResult result)
   at Microsoft.AspNetCore.Mvc.ViewResult.ExecuteResultAsync(ActionContext context)
   at Microsoft.AspNetCore.Mvc.Infrastructure.ResourceInvoker.<InvokeNextResultFilterAsync>g__Awaited|29_0[TFilter,TFilterAsync](ResourceInvoker invoker, Task lastTask, State next, Scope scope, Object state, Boolean isCompleted)
   at Microsoft.AspNetCore.Mvc.Infrastructure.ResourceInvoker.Rethrow(ResultExecutedContextSealed context)
   at Microsoft.AspNetCore.Mvc.Infrastructure.ResourceInvoker.ResultNext[TFilter,TFilterAsync](State& next, Scope& scope, Object& state, Boolean& isCompleted)
   at Microsoft.AspNetCore.Mvc.Infrastructure.ResourceInvoker.InvokeResultFilters()
--- End of stack trace from previous location ---
   at Microsoft.AspNetCore.Mvc.Infrastructure.ResourceInvoker.<InvokeNextResourceFilter>g__Awaited|24_0(ResourceInvoker invoker, Task lastTask, State next, Scope scope, Object state, Boolean isCompleted)
   at Microsoft.AspNetCore.Mvc.Infrastructure.ResourceInvoker.Rethrow(ResourceExecutedContextSealed context)
   at Microsoft.AspNetCore.Mvc.Infrastructure.ResourceInvoker.Next(State& next, Scope& scope, Object& state, Boolean& isCompleted)
   at Microsoft.AspNetCore.Mvc.Infrastructure.ResourceInvoker.InvokeFilterPipelineAsync()
--- End of stack trace from previous location ---
   at Microsoft.AspNetCore.Mvc.Infrastructure.ResourceInvoker.<InvokeAsync>g__Awaited|17_0(ResourceInvoker invoker, Task task, IDisposable scope)
   at Microsoft.AspNetCore.Routing.EndpointMiddleware.<Invoke>g__AwaitRequestTask|6_0(Endpoint endpoint, Task requestTask, ILogger logger)
   at Microsoft.AspNetCore.Session.SessionMiddleware.Invoke(HttpContext context)
   at Microsoft.AspNetCore.Session.SessionMiddleware.Invoke(HttpContext context)
   at Microsoft.AspNetCore.Authorization.AuthorizationMiddleware.Invoke(HttpContext context)
   at Microsoft.AspNetCore.Authentication.AuthenticationMiddleware.Invoke(HttpContext context)
   at Microsoft.AspNetCore.Diagnostics.EntityFrameworkCore.MigrationsEndPointMiddleware.Invoke(HttpContext context)
   at Microsoft.AspNetCore.Diagnostics.DeveloperExceptionPageMiddleware.Invoke(HttpContext context)
2021-09-06 12:46:01.983 +06:00 [ERR] An exception occurred while calculating the database error page content. Skipping display of the database error page.
System.InvalidOperationException: StatusCode cannot be set because the response has already started.
   at Microsoft.AspNetCore.Server.IIS.Core.IISHttpContext.ThrowResponseAlreadyStartedException(String name)
   at Microsoft.AspNetCore.Server.IIS.Core.IISHttpContext.set_StatusCode(Int32 value)
   at Microsoft.AspNetCore.Server.IIS.Core.IISHttpContext.Microsoft.AspNetCore.Http.Features.IHttpResponseFeature.set_StatusCode(Int32 value)
   at Microsoft.AspNetCore.Http.DefaultHttpResponse.set_StatusCode(Int32 value)
   at Microsoft.AspNetCore.Diagnostics.EntityFrameworkCore.Views.DatabaseErrorPage.ExecuteAsync()
   at Microsoft.Extensions.RazorViews.BaseView.ExecuteAsync(HttpContext context)
   at Microsoft.AspNetCore.Diagnostics.EntityFrameworkCore.DatabaseDeveloperPageExceptionFilter.HandleExceptionAsync(ErrorContext errorContext, Func`2 next)
2021-09-06 12:46:28.321 +06:00 [INF] Application Starting up
2021-09-06 12:50:22.404 +06:00 [INF] Application Starting up
2021-09-06 12:51:41.947 +06:00 [INF] Application Starting up
2021-09-06 12:53:57.611 +06:00 [INF] Application Starting up
2021-09-06 12:57:10.247 +06:00 [INF] Application Starting up
2021-09-06 13:45:17.323 +06:00 [INF] Application Starting up
2021-09-06 13:47:37.892 +06:00 [INF] Application Starting up
2021-09-06 13:59:31.244 +06:00 [INF] Application Starting up
2021-09-06 13:59:36.283 +06:00 [ERR] The view 'ImportFile' was not found. Searched locations: ["/Areas/User/Views/DataImporter/ImportFile.cshtml","/Areas/User/Views/Shared/ImportFile.cshtml","/Views/Shared/ImportFile.cshtml","/Pages/Shared/ImportFile.cshtml"]
2021-09-06 13:59:36.292 +06:00 [ERR] An unhandled exception has occurred while executing the request.
System.InvalidOperationException: The view 'ImportFile' was not found. The following locations were searched:
/Areas/User/Views/DataImporter/ImportFile.cshtml
/Areas/User/Views/Shared/ImportFile.cshtml
/Views/Shared/ImportFile.cshtml
/Pages/Shared/ImportFile.cshtml
   at Microsoft.AspNetCore.Mvc.ViewEngines.ViewEngineResult.EnsureSuccessful(IEnumerable`1 originalLocations)
   at Microsoft.AspNetCore.Mvc.ViewFeatures.ViewResultExecutor.ExecuteAsync(ActionContext context, ViewResult result)
   at Microsoft.AspNetCore.Mvc.ViewResult.ExecuteResultAsync(ActionContext context)
   at Microsoft.AspNetCore.Mvc.Infrastructure.ResourceInvoker.<InvokeNextResultFilterAsync>g__Awaited|29_0[TFilter,TFilterAsync](ResourceInvoker invoker, Task lastTask, State next, Scope scope, Object state, Boolean isCompleted)
   at Microsoft.AspNetCore.Mvc.Infrastructure.ResourceInvoker.Rethrow(ResultExecutedContextSealed context)
   at Microsoft.AspNetCore.Mvc.Infrastructure.ResourceInvoker.ResultNext[TFilter,TFilterAsync](State& next, Scope& scope, Object& state, Boolean& isCompleted)
   at Microsoft.AspNetCore.Mvc.Infrastructure.ResourceInvoker.InvokeResultFilters()
--- End of stack trace from previous location ---
   at Microsoft.AspNetCore.Mvc.Infrastructure.ResourceInvoker.<InvokeNextResourceFilter>g__Awaited|24_0(ResourceInvoker invoker, Task lastTask, State next, Scope scope, Object state, Boolean isCompleted)
   at Microsoft.AspNetCore.Mvc.Infrastructure.ResourceInvoker.Rethrow(ResourceExecutedContextSealed context)
   at Microsoft.AspNetCore.Mvc.Infrastructure.ResourceInvoker.Next(State& next, Scope& scope, Object& state, Boolean& isCompleted)
   at Microsoft.AspNetCore.Mvc.Infrastructure.ResourceInvoker.InvokeFilterPipelineAsync()
--- End of stack trace from previous location ---
   at Microsoft.AspNetCore.Mvc.Infrastructure.ResourceInvoker.<InvokeAsync>g__Awaited|17_0(ResourceInvoker invoker, Task task, IDisposable scope)
   at Microsoft.AspNetCore.Routing.EndpointMiddleware.<Invoke>g__AwaitRequestTask|6_0(Endpoint endpoint, Task requestTask, ILogger logger)
   at Microsoft.AspNetCore.Session.SessionMiddleware.Invoke(HttpContext context)
   at Microsoft.AspNetCore.Session.SessionMiddleware.Invoke(HttpContext context)
   at Microsoft.AspNetCore.Authorization.AuthorizationMiddleware.Invoke(HttpContext context)
   at Microsoft.AspNetCore.Authentication.AuthenticationMiddleware.Invoke(HttpContext context)
   at Microsoft.AspNetCore.Diagnostics.EntityFrameworkCore.MigrationsEndPointMiddleware.Invoke(HttpContext context)
   at Microsoft.AspNetCore.Diagnostics.DeveloperExceptionPageMiddleware.Invoke(HttpContext context)
2021-09-06 13:59:37.670 +06:00 [ERR] An exception occurred while calculating the database error page content. Skipping display of the database error page.
System.InvalidOperationException: StatusCode cannot be set because the response has already started.
   at Microsoft.AspNetCore.Server.IIS.Core.IISHttpContext.ThrowResponseAlreadyStartedException(String name)
   at Microsoft.AspNetCore.Server.IIS.Core.IISHttpContext.set_StatusCode(Int32 value)
   at Microsoft.AspNetCore.Server.IIS.Core.IISHttpContext.Microsoft.AspNetCore.Http.Features.IHttpResponseFeature.set_StatusCode(Int32 value)
   at Microsoft.AspNetCore.Http.DefaultHttpResponse.set_StatusCode(Int32 value)
   at Microsoft.AspNetCore.Diagnostics.EntityFrameworkCore.Views.DatabaseErrorPage.ExecuteAsync()
   at Microsoft.Extensions.RazorViews.BaseView.ExecuteAsync(HttpContext context)
   at Microsoft.AspNetCore.Diagnostics.EntityFrameworkCore.DatabaseDeveloperPageExceptionFilter.HandleExceptionAsync(ErrorContext errorContext, Func`2 next)
2021-09-06 14:09:43.510 +06:00 [INF] Application Starting up
2021-09-06 14:39:57.720 +06:00 [INF] Application Starting up
2021-09-06 14:50:18.863 +06:00 [INF] Application Starting up
2021-09-06 15:02:45.015 +06:00 [INF] Application Starting up
2021-09-06 15:06:43.419 +06:00 [INF] Application Starting up
2021-09-06 15:10:55.841 +06:00 [INF] Application Starting up
2021-09-06 15:11:04.298 +06:00 [ERR] The view 'ExportFileHistory' was not found. Searched locations: ["/Areas/User/Views/DataImporter/ExportFileHistory.cshtml","/Areas/User/Views/Shared/ExportFileHistory.cshtml","/Views/Shared/ExportFileHistory.cshtml","/Pages/Shared/ExportFileHistory.cshtml"]
2021-09-06 15:11:04.307 +06:00 [ERR] An unhandled exception has occurred while executing the request.
System.InvalidOperationException: The view 'ExportFileHistory' was not found. The following locations were searched:
/Areas/User/Views/DataImporter/ExportFileHistory.cshtml
/Areas/User/Views/Shared/ExportFileHistory.cshtml
/Views/Shared/ExportFileHistory.cshtml
/Pages/Shared/ExportFileHistory.cshtml
   at Microsoft.AspNetCore.Mvc.ViewEngines.ViewEngineResult.EnsureSuccessful(IEnumerable`1 originalLocations)
   at Microsoft.AspNetCore.Mvc.ViewFeatures.ViewResultExecutor.ExecuteAsync(ActionContext context, ViewResult result)
   at Microsoft.AspNetCore.Mvc.ViewResult.ExecuteResultAsync(ActionContext context)
   at Microsoft.AspNetCore.Mvc.Infrastructure.ResourceInvoker.<InvokeNextResultFilterAsync>g__Awaited|29_0[TFilter,TFilterAsync](ResourceInvoker invoker, Task lastTask, State next, Scope scope, Object state, Boolean isCompleted)
   at Microsoft.AspNetCore.Mvc.Infrastructure.ResourceInvoker.Rethrow(ResultExecutedContextSealed context)
   at Microsoft.AspNetCore.Mvc.Infrastructure.ResourceInvoker.ResultNext[TFilter,TFilterAsync](State& next, Scope& scope, Object& state, Boolean& isCompleted)
   at Microsoft.AspNetCore.Mvc.Infrastructure.ResourceInvoker.InvokeResultFilters()
--- End of stack trace from previous location ---
   at Microsoft.AspNetCore.Mvc.Infrastructure.ResourceInvoker.<InvokeNextResourceFilter>g__Awaited|24_0(ResourceInvoker invoker, Task lastTask, State next, Scope scope, Object state, Boolean isCompleted)
   at Microsoft.AspNetCore.Mvc.Infrastructure.ResourceInvoker.Rethrow(ResourceExecutedContextSealed context)
   at Microsoft.AspNetCore.Mvc.Infrastructure.ResourceInvoker.Next(State& next, Scope& scope, Object& state, Boolean& isCompleted)
   at Microsoft.AspNetCore.Mvc.Infrastructure.ResourceInvoker.InvokeFilterPipelineAsync()
--- End of stack trace from previous location ---
   at Microsoft.AspNetCore.Mvc.Infrastructure.ResourceInvoker.<InvokeAsync>g__Awaited|17_0(ResourceInvoker invoker, Task task, IDisposable scope)
   at Microsoft.AspNetCore.Routing.EndpointMiddleware.<Invoke>g__AwaitRequestTask|6_0(Endpoint endpoint, Task requestTask, ILogger logger)
   at Microsoft.AspNetCore.Session.SessionMiddleware.Invoke(HttpContext context)
   at Microsoft.AspNetCore.Session.SessionMiddleware.Invoke(HttpContext context)
   at Microsoft.AspNetCore.Authorization.AuthorizationMiddleware.Invoke(HttpContext context)
   at Microsoft.AspNetCore.Authentication.AuthenticationMiddleware.Invoke(HttpContext context)
   at Microsoft.AspNetCore.Diagnostics.EntityFrameworkCore.MigrationsEndPointMiddleware.Invoke(HttpContext context)
   at Microsoft.AspNetCore.Diagnostics.DeveloperExceptionPageMiddleware.Invoke(HttpContext context)
2021-09-06 15:11:05.766 +06:00 [ERR] An exception occurred while calculating the database error page content. Skipping display of the database error page.
System.InvalidOperationException: StatusCode cannot be set because the response has already started.
   at Microsoft.AspNetCore.Server.IIS.Core.IISHttpContext.ThrowResponseAlreadyStartedException(String name)
   at Microsoft.AspNetCore.Server.IIS.Core.IISHttpContext.set_StatusCode(Int32 value)
   at Microsoft.AspNetCore.Server.IIS.Core.IISHttpContext.Microsoft.AspNetCore.Http.Features.IHttpResponseFeature.set_StatusCode(Int32 value)
   at Microsoft.AspNetCore.Http.DefaultHttpResponse.set_StatusCode(Int32 value)
   at Microsoft.AspNetCore.Diagnostics.EntityFrameworkCore.Views.DatabaseErrorPage.ExecuteAsync()
   at Microsoft.Extensions.RazorViews.BaseView.ExecuteAsync(HttpContext context)
   at Microsoft.AspNetCore.Diagnostics.EntityFrameworkCore.DatabaseDeveloperPageExceptionFilter.HandleExceptionAsync(ErrorContext errorContext, Func`2 next)
2021-09-06 15:11:12.311 +06:00 [INF] Application Starting up
2021-09-06 15:11:17.595 +06:00 [ERR] The view 'ExportFileHistory' was not found. Searched locations: ["/Areas/User/Views/DataImporter/ExportFileHistory.cshtml","/Areas/User/Views/Shared/ExportFileHistory.cshtml","/Views/Shared/ExportFileHistory.cshtml","/Pages/Shared/ExportFileHistory.cshtml"]
2021-09-06 15:11:17.603 +06:00 [ERR] An unhandled exception has occurred while executing the request.
System.InvalidOperationException: The view 'ExportFileHistory' was not found. The following locations were searched:
/Areas/User/Views/DataImporter/ExportFileHistory.cshtml
/Areas/User/Views/Shared/ExportFileHistory.cshtml
/Views/Shared/ExportFileHistory.cshtml
/Pages/Shared/ExportFileHistory.cshtml
   at Microsoft.AspNetCore.Mvc.ViewEngines.ViewEngineResult.EnsureSuccessful(IEnumerable`1 originalLocations)
   at Microsoft.AspNetCore.Mvc.ViewFeatures.ViewResultExecutor.ExecuteAsync(ActionContext context, ViewResult result)
   at Microsoft.AspNetCore.Mvc.ViewResult.ExecuteResultAsync(ActionContext context)
   at Microsoft.AspNetCore.Mvc.Infrastructure.ResourceInvoker.<InvokeNextResultFilterAsync>g__Awaited|29_0[TFilter,TFilterAsync](ResourceInvoker invoker, Task lastTask, State next, Scope scope, Object state, Boolean isCompleted)
   at Microsoft.AspNetCore.Mvc.Infrastructure.ResourceInvoker.Rethrow(ResultExecutedContextSealed context)
   at Microsoft.AspNetCore.Mvc.Infrastructure.ResourceInvoker.ResultNext[TFilter,TFilterAsync](State& next, Scope& scope, Object& state, Boolean& isCompleted)
   at Microsoft.AspNetCore.Mvc.Infrastructure.ResourceInvoker.InvokeResultFilters()
--- End of stack trace from previous location ---
   at Microsoft.AspNetCore.Mvc.Infrastructure.ResourceInvoker.<InvokeNextResourceFilter>g__Awaited|24_0(ResourceInvoker invoker, Task lastTask, State next, Scope scope, Object state, Boolean isCompleted)
   at Microsoft.AspNetCore.Mvc.Infrastructure.ResourceInvoker.Rethrow(ResourceExecutedContextSealed context)
   at Microsoft.AspNetCore.Mvc.Infrastructure.ResourceInvoker.Next(State& next, Scope& scope, Object& state, Boolean& isCompleted)
   at Microsoft.AspNetCore.Mvc.Infrastructure.ResourceInvoker.InvokeFilterPipelineAsync()
--- End of stack trace from previous location ---
   at Microsoft.AspNetCore.Mvc.Infrastructure.ResourceInvoker.<InvokeAsync>g__Awaited|17_0(ResourceInvoker invoker, Task task, IDisposable scope)
   at Microsoft.AspNetCore.Routing.EndpointMiddleware.<Invoke>g__AwaitRequestTask|6_0(Endpoint endpoint, Task requestTask, ILogger logger)
   at Microsoft.AspNetCore.Session.SessionMiddleware.Invoke(HttpContext context)
   at Microsoft.AspNetCore.Session.SessionMiddleware.Invoke(HttpContext context)
   at Microsoft.AspNetCore.Authorization.AuthorizationMiddleware.Invoke(HttpContext context)
   at Microsoft.AspNetCore.Authentication.AuthenticationMiddleware.Invoke(HttpContext context)
   at Microsoft.AspNetCore.Diagnostics.EntityFrameworkCore.MigrationsEndPointMiddleware.Invoke(HttpContext context)
   at Microsoft.AspNetCore.Diagnostics.DeveloperExceptionPageMiddleware.Invoke(HttpContext context)
2021-09-06 15:11:18.340 +06:00 [ERR] An exception occurred while calculating the database error page content. Skipping display of the database error page.
System.InvalidOperationException: StatusCode cannot be set because the response has already started.
   at Microsoft.AspNetCore.Server.IIS.Core.IISHttpContext.ThrowResponseAlreadyStartedException(String name)
   at Microsoft.AspNetCore.Server.IIS.Core.IISHttpContext.set_StatusCode(Int32 value)
   at Microsoft.AspNetCore.Server.IIS.Core.IISHttpContext.Microsoft.AspNetCore.Http.Features.IHttpResponseFeature.set_StatusCode(Int32 value)
   at Microsoft.AspNetCore.Http.DefaultHttpResponse.set_StatusCode(Int32 value)
   at Microsoft.AspNetCore.Diagnostics.EntityFrameworkCore.Views.DatabaseErrorPage.ExecuteAsync()
   at Microsoft.Extensions.RazorViews.BaseView.ExecuteAsync(HttpContext context)
   at Microsoft.AspNetCore.Diagnostics.EntityFrameworkCore.DatabaseDeveloperPageExceptionFilter.HandleExceptionAsync(ErrorContext errorContext, Func`2 next)
2021-09-06 15:12:56.294 +06:00 [INF] Application Starting up
2021-09-06 15:46:47.465 +06:00 [INF] Application Starting up
2021-09-06 16:53:27.367 +06:00 [INF] Application Starting up
2021-09-06 16:59:16.006 +06:00 [INF] Application Starting up
2021-09-06 17:03:29.304 +06:00 [INF] Application Starting up
2021-09-06 17:06:49.866 +06:00 [INF] Application Starting up
2021-09-06 17:07:08.847 +06:00 [INF] Application Starting up
2021-09-06 17:08:14.608 +06:00 [INF] Application Starting up
2021-09-06 17:08:45.575 +06:00 [INF] Application Starting up
2021-09-06 17:09:02.923 +06:00 [INF] Application Starting up
2021-09-06 17:09:25.419 +06:00 [INF] Application Starting up
2021-09-06 17:11:17.303 +06:00 [INF] Application Starting up
2021-09-06 17:11:31.784 +06:00 [INF] Application Starting up
2021-09-06 17:12:26.612 +06:00 [INF] Application Starting up
2021-09-06 17:54:34.194 +06:00 [INF] Application Starting up
2021-09-06 18:01:34.687 +06:00 [INF] Application Starting up
2021-09-06 18:11:00.283 +06:00 [INF] Application Starting up
2021-09-06 18:11:43.194 +06:00 [INF] Application Starting up
2021-09-06 18:14:31.140 +06:00 [INF] Application Starting up
2021-09-06 18:15:05.733 +06:00 [INF] Application Starting up
2021-09-06 18:18:41.863 +06:00 [INF] Application Starting up
2021-09-06 18:19:14.737 +06:00 [INF] Application Starting up
2021-09-06 18:19:40.246 +06:00 [INF] Application Starting up
2021-09-06 18:22:45.429 +06:00 [INF] Application Starting up
2021-09-06 18:23:41.325 +06:00 [INF] Application Starting up
2021-09-06 18:25:23.001 +06:00 [INF] Application Starting up
2021-09-06 18:25:56.998 +06:00 [INF] Application Starting up
2021-09-06 18:31:11.098 +06:00 [INF] Application Starting up
2021-09-06 18:31:29.458 +06:00 [INF] Application Starting up
2021-09-06 18:32:24.620 +06:00 [INF] Application Starting up
2021-09-06 18:33:14.906 +06:00 [INF] Application Starting up
2021-09-06 18:33:34.401 +06:00 [INF] Application Starting up
2021-09-06 18:33:49.257 +06:00 [INF] Application Starting up
2021-09-06 18:34:12.021 +06:00 [INF] Application Starting up
2021-09-06 18:34:25.639 +06:00 [INF] Application Starting up
2021-09-06 18:34:34.625 +06:00 [INF] Application Starting up
2021-09-06 18:35:57.127 +06:00 [INF] Application Starting up
2021-09-06 18:56:48.096 +06:00 [INF] Application Starting up
2021-09-06 19:13:23.854 +06:00 [INF] Application Starting up
2021-09-06 19:13:40.918 +06:00 [INF] Application Starting up
2021-09-06 19:16:10.416 +06:00 [INF] Application Starting up
2021-09-06 19:18:09.312 +06:00 [INF] Application Starting up
2021-09-06 19:18:27.942 +06:00 [INF] Application Starting up
2021-09-06 19:18:50.238 +06:00 [INF] Application Starting up
2021-09-06 19:19:30.913 +06:00 [INF] Application Starting up
2021-09-06 19:24:39.944 +06:00 [INF] Application Starting up
2021-09-06 19:30:30.056 +06:00 [INF] Application Starting up
2021-09-06 19:31:58.805 +06:00 [INF] Application Starting up
2021-09-06 19:33:23.757 +06:00 [INF] Application Starting up
2021-09-06 19:37:55.512 +06:00 [INF] Application Starting up
2021-09-06 19:39:47.903 +06:00 [INF] Application Starting up
2021-09-06 19:48:45.888 +06:00 [INF] Application Starting up
