2021-09-10 01:49:21.486 +06:00 [INF] Application Starting up
2021-09-10 01:51:08.905 +06:00 [ERR] The view 'DisplayEmail' was not found. Searched locations: ["/Areas/User/Views/Account/DisplayEmail.cshtml","/Areas/User/Views/Shared/DisplayEmail.cshtml","/Views/Shared/DisplayEmail.cshtml","/Pages/Shared/DisplayEmail.cshtml"]
2021-09-10 01:51:08.958 +06:00 [ERR] An unhandled exception has occurred while executing the request.
System.InvalidOperationException: The view 'DisplayEmail' was not found. The following locations were searched:
/Areas/User/Views/Account/DisplayEmail.cshtml
/Areas/User/Views/Shared/DisplayEmail.cshtml
/Views/Shared/DisplayEmail.cshtml
/Pages/Shared/DisplayEmail.cshtml
   at Microsoft.AspNetCore.Mvc.ViewEngines.ViewEngineResult.EnsureSuccessful(IEnumerable`1 originalLocations)
   at Microsoft.AspNetCore.Mvc.ViewFeatures.ViewResultExecutor.ExecuteAsync(ActionContext context, ViewResult result)
   at Microsoft.AspNetCore.Mvc.ViewResult.ExecuteResultAsync(ActionContext context)
   at Microsoft.AspNetCore.Mvc.Infrastructure.ResourceInvoker.<InvokeNextResultFilterAsync>g__Awaited|29_0[TFilter,TFilterAsync](ResourceInvoker invoker, Task lastTask, State next, Scope scope, Object state, Boolean isCompleted)
   at Microsoft.AspNetCore.Mvc.Infrastructure.ResourceInvoker.Rethrow(ResultExecutedContextSealed context)
   at Microsoft.AspNetCore.Mvc.Infrastructure.ResourceInvoker.ResultNext[TFilter,TFilterAsync](State& next, Scope& scope, Object& state, Boolean& isCompleted)
   at Microsoft.AspNetCore.Mvc.Infrastructure.ResourceInvoker.InvokeResultFilters()
--- End of stack trace from previous location ---
   at Microsoft.AspNetCore.Mvc.Infrastructure.ResourceInvoker.<InvokeNextResourceFilter>g__Awaited|24_0(ResourceInvoker invoker, Task lastTask, State next, Scope scope, Object state, Boolean isCompleted)
   at Microsoft.AspNetCore.Mvc.Infrastructure.ResourceInvoker.Rethrow(ResourceExecutedContextSealed context)
   at Microsoft.AspNetCore.Mvc.Infrastructure.ResourceInvoker.Next(State& next, Scope& scope, Object& state, Boolean& isCompleted)
   at Microsoft.AspNetCore.Mvc.Infrastructure.ResourceInvoker.<InvokeFilterPipelineAsync>g__Awaited|19_0(ResourceInvoker invoker, Task lastTask, State next, Scope scope, Object state, Boolean isCompleted)
   at Microsoft.AspNetCore.Mvc.Infrastructure.ResourceInvoker.<InvokeAsync>g__Awaited|17_0(ResourceInvoker invoker, Task task, IDisposable scope)
   at Microsoft.AspNetCore.Routing.EndpointMiddleware.<Invoke>g__AwaitRequestTask|6_0(Endpoint endpoint, Task requestTask, ILogger logger)
   at Microsoft.AspNetCore.Session.SessionMiddleware.Invoke(HttpContext context)
   at Microsoft.AspNetCore.Session.SessionMiddleware.Invoke(HttpContext context)
   at Microsoft.AspNetCore.Authorization.AuthorizationMiddleware.Invoke(HttpContext context)
   at Microsoft.AspNetCore.Authentication.AuthenticationMiddleware.Invoke(HttpContext context)
   at Microsoft.AspNetCore.Diagnostics.EntityFrameworkCore.MigrationsEndPointMiddleware.Invoke(HttpContext context)
   at Microsoft.AspNetCore.Diagnostics.DeveloperExceptionPageMiddleware.Invoke(HttpContext context)
2021-09-10 02:00:12.588 +06:00 [INF] Application Starting up
2021-09-10 02:07:16.659 +06:00 [INF] Application Starting up
2021-09-10 02:08:02.980 +06:00 [ERR] An unhandled exception has occurred while executing the request.
System.FormatException: The specified string is not in the form required for an e-mail address.
   at System.Net.Mail.MailAddressParser.TryReadCfwsAndThrowIfIncomplete(String data, Int32 index, Int32& outIndex, Boolean throwExceptionIfFail)
   at System.Net.Mail.MailAddressParser.TryParseDomain(String data, Int32& index, String& domain, Boolean throwExceptionIfFail)
   at System.Net.Mail.MailAddressParser.TryParseAddress(String data, Boolean expectMultipleAddresses, Int32& index, ParseAddressInfo& parseAddressInfo, Boolean throwExceptionIfFail)
   at System.Net.Mail.MailAddressParser.TryParseAddress(String data, ParseAddressInfo& parsedAddress, Boolean throwExceptionIfFail)
   at System.Net.Mail.MailAddress.TryParse(String address, String displayName, Encoding displayNameEncoding, ValueTuple`4& parsedData, Boolean throwExceptionIfFail)
   at System.Net.Mail.MailAddress..ctor(String address)
   at DataImporter.Services.EmailSender.SendEmailAsync(String email, String subject, String htmlMessage) in D:\#FinalProject\DataImporter\DataImporter\Services\EmailService.cs:line 30
   at DataImporter.Controllers.AccountController.Register(RegisterModel model, String returnUrl) in D:\#FinalProject\DataImporter\DataImporter\Controllers\AccountController.cs:line 81
   at Microsoft.AspNetCore.Mvc.Infrastructure.ActionMethodExecutor.TaskOfIActionResultExecutor.Execute(IActionResultTypeMapper mapper, ObjectMethodExecutor executor, Object controller, Object[] arguments)
   at Microsoft.AspNetCore.Mvc.Infrastructure.ControllerActionInvoker.<InvokeActionMethodAsync>g__Awaited|12_0(ControllerActionInvoker invoker, ValueTask`1 actionResultValueTask)
   at Microsoft.AspNetCore.Mvc.Infrastructure.ControllerActionInvoker.<InvokeNextActionFilterAsync>g__Awaited|10_0(ControllerActionInvoker invoker, Task lastTask, State next, Scope scope, Object state, Boolean isCompleted)
   at Microsoft.AspNetCore.Mvc.Infrastructure.ControllerActionInvoker.Rethrow(ActionExecutedContextSealed context)
   at Microsoft.AspNetCore.Mvc.Infrastructure.ControllerActionInvoker.Next(State& next, Scope& scope, Object& state, Boolean& isCompleted)
   at Microsoft.AspNetCore.Mvc.Infrastructure.ControllerActionInvoker.<InvokeInnerFilterAsync>g__Awaited|13_0(ControllerActionInvoker invoker, Task lastTask, State next, Scope scope, Object state, Boolean isCompleted)
   at Microsoft.AspNetCore.Mvc.Infrastructure.ResourceInvoker.<InvokeNextResourceFilter>g__Awaited|24_0(ResourceInvoker invoker, Task lastTask, State next, Scope scope, Object state, Boolean isCompleted)
   at Microsoft.AspNetCore.Mvc.Infrastructure.ResourceInvoker.Rethrow(ResourceExecutedContextSealed context)
   at Microsoft.AspNetCore.Mvc.Infrastructure.ResourceInvoker.Next(State& next, Scope& scope, Object& state, Boolean& isCompleted)
   at Microsoft.AspNetCore.Mvc.Infrastructure.ResourceInvoker.<InvokeFilterPipelineAsync>g__Awaited|19_0(ResourceInvoker invoker, Task lastTask, State next, Scope scope, Object state, Boolean isCompleted)
   at Microsoft.AspNetCore.Mvc.Infrastructure.ResourceInvoker.<InvokeAsync>g__Awaited|17_0(ResourceInvoker invoker, Task task, IDisposable scope)
   at Microsoft.AspNetCore.Routing.EndpointMiddleware.<Invoke>g__AwaitRequestTask|6_0(Endpoint endpoint, Task requestTask, ILogger logger)
   at Microsoft.AspNetCore.Session.SessionMiddleware.Invoke(HttpContext context)
   at Microsoft.AspNetCore.Session.SessionMiddleware.Invoke(HttpContext context)
   at Microsoft.AspNetCore.Authorization.AuthorizationMiddleware.Invoke(HttpContext context)
   at Microsoft.AspNetCore.Authentication.AuthenticationMiddleware.Invoke(HttpContext context)
   at Microsoft.AspNetCore.Diagnostics.EntityFrameworkCore.MigrationsEndPointMiddleware.Invoke(HttpContext context)
   at Microsoft.AspNetCore.Diagnostics.DeveloperExceptionPageMiddleware.Invoke(HttpContext context)
2021-09-10 02:09:41.057 +06:00 [INF] Application Starting up
2021-09-10 02:16:00.507 +06:00 [INF] Application Starting up
2021-09-10 02:18:04.673 +06:00 [INF] User logged in.
2021-09-10 02:18:08.394 +06:00 [INF] User logged out.
2021-09-10 09:37:30.895 +06:00 [INF] Application Starting up
2021-09-10 09:38:54.928 +06:00 [INF] Application Starting up
2021-09-10 10:03:22.538 +06:00 [INF] Application Starting up
2021-09-10 10:04:59.670 +06:00 [INF] Application Starting up
2021-09-10 10:05:48.275 +06:00 [INF] Application Starting up
2021-09-10 10:06:12.449 +06:00 [INF] Application Starting up
2021-09-10 10:10:34.255 +06:00 [INF] Application Starting up
2021-09-10 10:10:58.521 +06:00 [INF] Application Starting up
2021-09-10 10:25:49.228 +06:00 [INF] Application Starting up
2021-09-10 11:11:56.308 +06:00 [INF] Application Starting up
2021-09-10 11:13:49.287 +06:00 [INF] Start processing HTTP request POST "https://www.google.com/recaptcha/api/siteverify?secret=SECRET_KEY&response=03AGdBq262ZZyoTKvnKWO5C7PgdGnW5GO2ioqGYeZ3F3kL8FkDuF_pS6pZS8SXNXrE4Bp1jBKgpV4i8eHBRMpQmiMGCVJsKLeXziorsB2v-U2WIBM2CnPwea1jviDQl09_XNf_2aT6fdzm5CR1eXJkjiIlh0s6iEHBzqwYoJ0V7kWakYuwakgF8xwiKO0uf_XKhvM2rhrVE7t8wUuzsDa0guQ4zUThQ9VnWanixrLCOuisbpPoPxPhwqb04r0L0phcxmxyE6nMy_pCI75xtgvw95OeIOFm34NKvcYbWlc89c9_AlyBG10KfR5Dgc4OI4d18NK20Kt0c71oJDU0r-B1Xd1kiFM5BeDzoPciAVQPu4y5u7A49bKjQbR3ufhAPj0bRLZhRnO92YI8XhWvHAHPhVZ-76OU4xhXnIWDcsyEhn7LNGvdh1Xl0wh2z6NeZqE3e2m8qkyimm1s"
2021-09-10 11:13:49.292 +06:00 [INF] Sending HTTP request POST "https://www.google.com/recaptcha/api/siteverify?secret=SECRET_KEY&response=03AGdBq262ZZyoTKvnKWO5C7PgdGnW5GO2ioqGYeZ3F3kL8FkDuF_pS6pZS8SXNXrE4Bp1jBKgpV4i8eHBRMpQmiMGCVJsKLeXziorsB2v-U2WIBM2CnPwea1jviDQl09_XNf_2aT6fdzm5CR1eXJkjiIlh0s6iEHBzqwYoJ0V7kWakYuwakgF8xwiKO0uf_XKhvM2rhrVE7t8wUuzsDa0guQ4zUThQ9VnWanixrLCOuisbpPoPxPhwqb04r0L0phcxmxyE6nMy_pCI75xtgvw95OeIOFm34NKvcYbWlc89c9_AlyBG10KfR5Dgc4OI4d18NK20Kt0c71oJDU0r-B1Xd1kiFM5BeDzoPciAVQPu4y5u7A49bKjQbR3ufhAPj0bRLZhRnO92YI8XhWvHAHPhVZ-76OU4xhXnIWDcsyEhn7LNGvdh1Xl0wh2z6NeZqE3e2m8qkyimm1s"
2021-09-10 11:13:49.603 +06:00 [INF] Received HTTP response headers after 308.7909ms - 200
2021-09-10 11:13:49.604 +06:00 [INF] End processing HTTP request after 322.7209ms - 200
2021-09-10 11:18:06.511 +06:00 [INF] Application Starting up
2021-09-10 11:20:12.109 +06:00 [INF] Application Starting up
2021-09-10 11:24:35.069 +06:00 [INF] Application Starting up
2021-09-10 11:32:20.449 +06:00 [INF] Application Starting up
2021-09-10 11:33:17.413 +06:00 [INF] Start processing HTTP request POST "https://www.google.com/recaptcha/api/siteverify?secret=SECRET_KEY&response=03AGdBq27U50nXiBRTOwvT6yO9gfyYhZkjpfpUw2v-aWl391-lfzIWPE9R7LfMx7yM29JfDN1eg92uPb0hphe2ZLPIKQrrcS4hrd8ViXWufZTNyXGTPcBz3aP9uH8QVehKM79hFWXWBxTavTgSieSfmAM44tUoFCZGqr4e3AdiQvcpqq70itnkecq89wxVh5bfiSVhsPsKllnoOOgtXqTbdQp_fr9ffO9XMLc1SB_7cMsTFTMjIcSSrFp-TkgDd7xGkpJyb0iIE7m3FLqW36V3y8E13jA-tbKKRqT0nzLh8TJF4yUf2sqvRZUUavBnPHfO5_tCR9M4eGq14dj5wGAgjlj386h8lexkiFjJQbQcklyEmGlYqcO9n8cnRmvN3Uqw66EPu-47k_ruh7DNdfEZyEg2uR7s_vw-3hXgeuz3jm8IU8A2l1c1jPNF-GXK3QUXh469PhVMHXYs"
2021-09-10 11:33:17.418 +06:00 [INF] Sending HTTP request POST "https://www.google.com/recaptcha/api/siteverify?secret=SECRET_KEY&response=03AGdBq27U50nXiBRTOwvT6yO9gfyYhZkjpfpUw2v-aWl391-lfzIWPE9R7LfMx7yM29JfDN1eg92uPb0hphe2ZLPIKQrrcS4hrd8ViXWufZTNyXGTPcBz3aP9uH8QVehKM79hFWXWBxTavTgSieSfmAM44tUoFCZGqr4e3AdiQvcpqq70itnkecq89wxVh5bfiSVhsPsKllnoOOgtXqTbdQp_fr9ffO9XMLc1SB_7cMsTFTMjIcSSrFp-TkgDd7xGkpJyb0iIE7m3FLqW36V3y8E13jA-tbKKRqT0nzLh8TJF4yUf2sqvRZUUavBnPHfO5_tCR9M4eGq14dj5wGAgjlj386h8lexkiFjJQbQcklyEmGlYqcO9n8cnRmvN3Uqw66EPu-47k_ruh7DNdfEZyEg2uR7s_vw-3hXgeuz3jm8IU8A2l1c1jPNF-GXK3QUXh469PhVMHXYs"
2021-09-10 11:33:17.748 +06:00 [INF] Received HTTP response headers after 327.2686ms - 200
2021-09-10 11:33:17.749 +06:00 [INF] End processing HTTP request after 340.811ms - 200
2021-09-10 11:33:28.028 +06:00 [ERR] An unhandled exception has occurred while executing the request.
System.NullReferenceException: Object reference not set to an instance of an object.
   at AspNetCore.Views_Shared_Error.ExecuteAsync() in D:\#FinalProject\DataImporter\DataImporter\Views\Shared\Error.cshtml:line 9
   at Microsoft.AspNetCore.Mvc.Razor.RazorView.RenderPageCoreAsync(IRazorPage page, ViewContext context)
   at Microsoft.AspNetCore.Mvc.Razor.RazorView.RenderPageAsync(IRazorPage page, ViewContext context, Boolean invokeViewStarts)
   at Microsoft.AspNetCore.Mvc.Razor.RazorView.RenderAsync(ViewContext context)
   at Microsoft.AspNetCore.Mvc.ViewFeatures.ViewExecutor.ExecuteAsync(ViewContext viewContext, String contentType, Nullable`1 statusCode)
   at Microsoft.AspNetCore.Mvc.ViewFeatures.ViewExecutor.ExecuteAsync(ViewContext viewContext, String contentType, Nullable`1 statusCode)
   at Microsoft.AspNetCore.Mvc.ViewFeatures.ViewExecutor.ExecuteAsync(ActionContext actionContext, IView view, ViewDataDictionary viewData, ITempDataDictionary tempData, String contentType, Nullable`1 statusCode)
   at Microsoft.AspNetCore.Mvc.ViewFeatures.ViewResultExecutor.ExecuteAsync(ActionContext context, ViewResult result)
   at Microsoft.AspNetCore.Mvc.ViewResult.ExecuteResultAsync(ActionContext context)
   at Microsoft.AspNetCore.Mvc.Infrastructure.ResourceInvoker.<InvokeNextResultFilterAsync>g__Awaited|29_0[TFilter,TFilterAsync](ResourceInvoker invoker, Task lastTask, State next, Scope scope, Object state, Boolean isCompleted)
   at Microsoft.AspNetCore.Mvc.Infrastructure.ResourceInvoker.Rethrow(ResultExecutedContextSealed context)
   at Microsoft.AspNetCore.Mvc.Infrastructure.ResourceInvoker.ResultNext[TFilter,TFilterAsync](State& next, Scope& scope, Object& state, Boolean& isCompleted)
   at Microsoft.AspNetCore.Mvc.Infrastructure.ResourceInvoker.InvokeResultFilters()
--- End of stack trace from previous location ---
   at Microsoft.AspNetCore.Mvc.Infrastructure.ResourceInvoker.<InvokeNextResourceFilter>g__Awaited|24_0(ResourceInvoker invoker, Task lastTask, State next, Scope scope, Object state, Boolean isCompleted)
   at Microsoft.AspNetCore.Mvc.Infrastructure.ResourceInvoker.Rethrow(ResourceExecutedContextSealed context)
   at Microsoft.AspNetCore.Mvc.Infrastructure.ResourceInvoker.Next(State& next, Scope& scope, Object& state, Boolean& isCompleted)
   at Microsoft.AspNetCore.Mvc.Infrastructure.ResourceInvoker.<InvokeFilterPipelineAsync>g__Awaited|19_0(ResourceInvoker invoker, Task lastTask, State next, Scope scope, Object state, Boolean isCompleted)
   at Microsoft.AspNetCore.Mvc.Infrastructure.ResourceInvoker.<InvokeAsync>g__Awaited|17_0(ResourceInvoker invoker, Task task, IDisposable scope)
   at Microsoft.AspNetCore.Routing.EndpointMiddleware.<Invoke>g__AwaitRequestTask|6_0(Endpoint endpoint, Task requestTask, ILogger logger)
   at Microsoft.AspNetCore.Session.SessionMiddleware.Invoke(HttpContext context)
   at Microsoft.AspNetCore.Session.SessionMiddleware.Invoke(HttpContext context)
   at Microsoft.AspNetCore.Authorization.AuthorizationMiddleware.Invoke(HttpContext context)
   at Microsoft.AspNetCore.Authentication.AuthenticationMiddleware.Invoke(HttpContext context)
   at Microsoft.AspNetCore.Diagnostics.EntityFrameworkCore.MigrationsEndPointMiddleware.Invoke(HttpContext context)
   at Microsoft.AspNetCore.Diagnostics.DeveloperExceptionPageMiddleware.Invoke(HttpContext context)
2021-09-10 11:35:19.450 +06:00 [INF] Application Starting up
2021-09-10 11:37:40.117 +06:00 [INF] Start processing HTTP request POST "https://www.google.com/recaptcha/api/siteverify?secret=6LfFeVgcAAAAANi33camQdXI6C59TsNOJXOoiO-v=03AGdBq264FMF33a866be4Q0egrx-HuCzO1glZYxGVsQpNSmtUoDQvuW4ijgZHiIP27z_GluEb8JiEPjpgYcczFG8j67Y30Jehdw0GX-LYwxLJjOuVFA1r9_yvUgiu25X1VdlIy7AfP4ul2D82U-in3p0mHH4axO4sh9wbTuK4Xe9WBGWyFA-U_F_4AkdqhJUfet6iOtCj6kOYXrKZe44wAhCKrWczzZuiWoypv1906BD97UgCT78Mo3zyLrhUsJHA1AcS03OyIoCnZeesqBI9ytd2lOcd2kjLwWbav3Qp-dnc_llHde2-FfD9M6jlqA0DJBdp9SookwKzazUcBRuGeILai7PWqyaLMNmabtc6H_nsYqTV6YmB_Cvjfv3r3AjIrH3RdmMmO0hfPJrYrqn1N_o5rHrwWf0oGxDOID2UN8TnGZXg_ujlNR4"
2021-09-10 11:37:40.122 +06:00 [INF] Sending HTTP request POST "https://www.google.com/recaptcha/api/siteverify?secret=6LfFeVgcAAAAANi33camQdXI6C59TsNOJXOoiO-v=03AGdBq264FMF33a866be4Q0egrx-HuCzO1glZYxGVsQpNSmtUoDQvuW4ijgZHiIP27z_GluEb8JiEPjpgYcczFG8j67Y30Jehdw0GX-LYwxLJjOuVFA1r9_yvUgiu25X1VdlIy7AfP4ul2D82U-in3p0mHH4axO4sh9wbTuK4Xe9WBGWyFA-U_F_4AkdqhJUfet6iOtCj6kOYXrKZe44wAhCKrWczzZuiWoypv1906BD97UgCT78Mo3zyLrhUsJHA1AcS03OyIoCnZeesqBI9ytd2lOcd2kjLwWbav3Qp-dnc_llHde2-FfD9M6jlqA0DJBdp9SookwKzazUcBRuGeILai7PWqyaLMNmabtc6H_nsYqTV6YmB_Cvjfv3r3AjIrH3RdmMmO0hfPJrYrqn1N_o5rHrwWf0oGxDOID2UN8TnGZXg_ujlNR4"
2021-09-10 11:37:40.814 +06:00 [INF] Received HTTP response headers after 689.5218ms - 200
2021-09-10 11:37:40.815 +06:00 [INF] End processing HTTP request after 702.863ms - 200
2021-09-10 11:51:04.784 +06:00 [INF] Application Starting up
2021-09-10 11:52:24.865 +06:00 [INF] Application Starting up
2021-09-10 11:52:54.565 +06:00 [INF] Start processing HTTP request POST "https://www.google.com/recaptcha/api/siteverify?secret=SECRET_KEY&response="
2021-09-10 11:52:54.570 +06:00 [INF] Sending HTTP request POST "https://www.google.com/recaptcha/api/siteverify?secret=SECRET_KEY&response="
2021-09-10 11:52:54.909 +06:00 [INF] Received HTTP response headers after 336.8057ms - 200
2021-09-10 11:52:54.910 +06:00 [INF] End processing HTTP request after 349.785ms - 200
2021-09-10 11:53:54.730 +06:00 [ERR] An unhandled exception has occurred while executing the request.
System.NullReferenceException: Object reference not set to an instance of an object.
   at AspNetCore.Views_Shared_Error.ExecuteAsync() in D:\#FinalProject\DataImporter\DataImporter\Views\Shared\Error.cshtml:line 9
   at Microsoft.AspNetCore.Mvc.Razor.RazorView.RenderPageCoreAsync(IRazorPage page, ViewContext context)
   at Microsoft.AspNetCore.Mvc.Razor.RazorView.RenderPageAsync(IRazorPage page, ViewContext context, Boolean invokeViewStarts)
   at Microsoft.AspNetCore.Mvc.Razor.RazorView.RenderAsync(ViewContext context)
   at Microsoft.AspNetCore.Mvc.ViewFeatures.ViewExecutor.ExecuteAsync(ViewContext viewContext, String contentType, Nullable`1 statusCode)
   at Microsoft.AspNetCore.Mvc.ViewFeatures.ViewExecutor.ExecuteAsync(ViewContext viewContext, String contentType, Nullable`1 statusCode)
   at Microsoft.AspNetCore.Mvc.ViewFeatures.ViewExecutor.ExecuteAsync(ActionContext actionContext, IView view, ViewDataDictionary viewData, ITempDataDictionary tempData, String contentType, Nullable`1 statusCode)
   at Microsoft.AspNetCore.Mvc.ViewFeatures.ViewResultExecutor.ExecuteAsync(ActionContext context, ViewResult result)
   at Microsoft.AspNetCore.Mvc.ViewResult.ExecuteResultAsync(ActionContext context)
   at Microsoft.AspNetCore.Mvc.Infrastructure.ResourceInvoker.<InvokeNextResultFilterAsync>g__Awaited|29_0[TFilter,TFilterAsync](ResourceInvoker invoker, Task lastTask, State next, Scope scope, Object state, Boolean isCompleted)
   at Microsoft.AspNetCore.Mvc.Infrastructure.ResourceInvoker.Rethrow(ResultExecutedContextSealed context)
   at Microsoft.AspNetCore.Mvc.Infrastructure.ResourceInvoker.ResultNext[TFilter,TFilterAsync](State& next, Scope& scope, Object& state, Boolean& isCompleted)
   at Microsoft.AspNetCore.Mvc.Infrastructure.ResourceInvoker.InvokeResultFilters()
--- End of stack trace from previous location ---
   at Microsoft.AspNetCore.Mvc.Infrastructure.ResourceInvoker.<InvokeNextResourceFilter>g__Awaited|24_0(ResourceInvoker invoker, Task lastTask, State next, Scope scope, Object state, Boolean isCompleted)
   at Microsoft.AspNetCore.Mvc.Infrastructure.ResourceInvoker.Rethrow(ResourceExecutedContextSealed context)
   at Microsoft.AspNetCore.Mvc.Infrastructure.ResourceInvoker.Next(State& next, Scope& scope, Object& state, Boolean& isCompleted)
   at Microsoft.AspNetCore.Mvc.Infrastructure.ResourceInvoker.<InvokeFilterPipelineAsync>g__Awaited|19_0(ResourceInvoker invoker, Task lastTask, State next, Scope scope, Object state, Boolean isCompleted)
   at Microsoft.AspNetCore.Mvc.Infrastructure.ResourceInvoker.<InvokeAsync>g__Awaited|17_0(ResourceInvoker invoker, Task task, IDisposable scope)
   at Microsoft.AspNetCore.Routing.EndpointMiddleware.<Invoke>g__AwaitRequestTask|6_0(Endpoint endpoint, Task requestTask, ILogger logger)
   at Microsoft.AspNetCore.Session.SessionMiddleware.Invoke(HttpContext context)
   at Microsoft.AspNetCore.Session.SessionMiddleware.Invoke(HttpContext context)
   at Microsoft.AspNetCore.Authorization.AuthorizationMiddleware.Invoke(HttpContext context)
   at Microsoft.AspNetCore.Authentication.AuthenticationMiddleware.Invoke(HttpContext context)
   at Microsoft.AspNetCore.Diagnostics.EntityFrameworkCore.MigrationsEndPointMiddleware.Invoke(HttpContext context)
   at Microsoft.AspNetCore.Diagnostics.DeveloperExceptionPageMiddleware.Invoke(HttpContext context)
2021-09-10 11:56:57.006 +06:00 [INF] Application Starting up
2021-09-10 12:06:30.136 +06:00 [INF] Application Starting up
2021-09-10 12:07:30.177 +06:00 [INF] Start processing HTTP request POST "https://www.google.com/recaptcha/api/siteverify?secret=SecretKey&response=03AGdBq2735s8S25iST2VwXXarNk5C_bLVbCQFf1dpHVHmk3mptluGm0kFDUwN_x4DbfLaViuuJ6FgyyhnXilYjfTUnYx6LXH8KNGcmpN134zcWnJfymJ-4HNMpTemU_EvOy-ISPN5zMtIV-q3PPCRgrmaQz_sa1fhGayxBrNHY2SO4a13IKEnM9IVu8saHOhYhJTOVPlTdTgm9AV6On88mUoZbMuLIUY3kMvKVa4sEfauoCm17oeYfQ5ZTR7mzP-JkKIQ8Dt6thFRDAi5wQ5LA_MCooEOcMRmtb_yHLqObLyKVjrsT2m6iJRDFxOu9bnSpZt08H2CP6AQf0NKnoTmwG1chQbElWWcBcc-Iuj7LzKo8hXHkp-Ko05vguedCbrmtc8W09C8mpQ6lWAet53sfvnKAWTTeEs578CIpg28-Lj-q9Ksb41Bc0pQnr-va45mNJNUxKHhlI-q"
2021-09-10 12:07:30.183 +06:00 [INF] Sending HTTP request POST "https://www.google.com/recaptcha/api/siteverify?secret=SecretKey&response=03AGdBq2735s8S25iST2VwXXarNk5C_bLVbCQFf1dpHVHmk3mptluGm0kFDUwN_x4DbfLaViuuJ6FgyyhnXilYjfTUnYx6LXH8KNGcmpN134zcWnJfymJ-4HNMpTemU_EvOy-ISPN5zMtIV-q3PPCRgrmaQz_sa1fhGayxBrNHY2SO4a13IKEnM9IVu8saHOhYhJTOVPlTdTgm9AV6On88mUoZbMuLIUY3kMvKVa4sEfauoCm17oeYfQ5ZTR7mzP-JkKIQ8Dt6thFRDAi5wQ5LA_MCooEOcMRmtb_yHLqObLyKVjrsT2m6iJRDFxOu9bnSpZt08H2CP6AQf0NKnoTmwG1chQbElWWcBcc-Iuj7LzKo8hXHkp-Ko05vguedCbrmtc8W09C8mpQ6lWAet53sfvnKAWTTeEs578CIpg28-Lj-q9Ksb41Bc0pQnr-va45mNJNUxKHhlI-q"
2021-09-10 12:07:30.489 +06:00 [INF] Received HTTP response headers after 303.6902ms - 200
2021-09-10 12:07:30.489 +06:00 [INF] End processing HTTP request after 317.3789ms - 200
2021-09-10 12:15:58.220 +06:00 [INF] Application Starting up
2021-09-10 12:16:23.927 +06:00 [INF] Start processing HTTP request POST "https://www.google.com/recaptcha/api/siteverify?secret=SecretKey&response=03AGdBq24pfnRZ5Rt_a2SBJNUYdUO82jRKCd8-RsBqLvIpg52Ee7--wBxgjI-PvQyqel5ZLL_IdOXtGxh17YIY4_TWIudN4DKoOold2TKwaTb1MQ5Io9TUbTAp4Z7ErC8-BTynxtcHcMm1nIxK99PuXqAZCQs4ryNBv2xtE3WKBAgaGkmKu9zxp0KSqmpG9jFvb6etPEcthBBS2AqANkDdUkU42TcjmI-H2sG_58VM2xoOfNuZ0ySAL7tKpGxEREKwMdBlHpzcC_KxbJweBgceAPNsnPuc_cLdZMdPLS6KoHF4WCe9YLrmVAvK6ifM-o2RRdcSZApbsx2tpJ3nYgOkqmUzyBHqfVu2i8RyeA8C4HuGonV4b8DSPqtflbOUN83HFkb4I7_yg345Smpa87jZjoISjeLRgVXfw3_8PfDUQ1sctLpS8eJo3N8sjNxdUvD6frzkGQBK12Cq"
2021-09-10 12:16:23.931 +06:00 [INF] Sending HTTP request POST "https://www.google.com/recaptcha/api/siteverify?secret=SecretKey&response=03AGdBq24pfnRZ5Rt_a2SBJNUYdUO82jRKCd8-RsBqLvIpg52Ee7--wBxgjI-PvQyqel5ZLL_IdOXtGxh17YIY4_TWIudN4DKoOold2TKwaTb1MQ5Io9TUbTAp4Z7ErC8-BTynxtcHcMm1nIxK99PuXqAZCQs4ryNBv2xtE3WKBAgaGkmKu9zxp0KSqmpG9jFvb6etPEcthBBS2AqANkDdUkU42TcjmI-H2sG_58VM2xoOfNuZ0ySAL7tKpGxEREKwMdBlHpzcC_KxbJweBgceAPNsnPuc_cLdZMdPLS6KoHF4WCe9YLrmVAvK6ifM-o2RRdcSZApbsx2tpJ3nYgOkqmUzyBHqfVu2i8RyeA8C4HuGonV4b8DSPqtflbOUN83HFkb4I7_yg345Smpa87jZjoISjeLRgVXfw3_8PfDUQ1sctLpS8eJo3N8sjNxdUvD6frzkGQBK12Cq"
2021-09-10 12:16:24.266 +06:00 [INF] Received HTTP response headers after 331.8615ms - 200
2021-09-10 12:16:24.267 +06:00 [INF] End processing HTTP request after 345.4146ms - 200
2021-09-10 13:08:19.854 +06:00 [INF] Application Starting up
2021-09-10 13:08:24.074 +06:00 [ERR] An unhandled exception has occurred while executing the request.
Autofac.Core.DependencyResolutionException: An exception was thrown while activating DNTCaptcha.Core.CaptchaCryptoProvider.
 ---> Autofac.Core.DependencyResolutionException: An exception was thrown while invoking the constructor 'Void .ctor(Microsoft.Extensions.Options.IOptions`1[DNTCaptcha.Core.DNTCaptchaOptions])' on type 'CaptchaCryptoProvider'.
 ---> System.InvalidOperationException: Please set the `options.WithEncryptionKey(...)`.
   at DNTCaptcha.Core.CaptchaCryptoProvider.getDesKey(String key) in D:\Prog\1395\DNTCaptcha.Core\src\DNTCaptcha.Core\CaptchaCryptoProvider.cs:line 139
   at DNTCaptcha.Core.CaptchaCryptoProvider..ctor(IOptions`1 options) in D:\Prog\1395\DNTCaptcha.Core\src\DNTCaptcha.Core\CaptchaCryptoProvider.cs:line 28
   at lambda_method8(Closure , Object[] )
   at Autofac.Core.Activators.Reflection.BoundConstructor.Instantiate()
   --- End of inner exception stack trace ---
   at Autofac.Core.Activators.Reflection.BoundConstructor.Instantiate()
   at Autofac.Core.Activators.Reflection.ReflectionActivator.ActivateInstance(IComponentContext context, IEnumerable`1 parameters)
   at Autofac.Core.Activators.Reflection.ReflectionActivator.<ConfigurePipeline>b__11_0(ResolveRequestContext ctxt, Action`1 next)
   at Autofac.Core.Resolving.Middleware.DelegateMiddleware.Execute(ResolveRequestContext context, Action`1 next)
   at Autofac.Core.Resolving.Pipeline.ResolvePipelineBuilder.<>c__DisplayClass14_0.<BuildPipeline>b__1(ResolveRequestContext ctxt)
   at Autofac.Core.Resolving.Middleware.DisposalTrackingMiddleware.Execute(ResolveRequestContext context, Action`1 next)
   at Autofac.Core.Resolving.Pipeline.ResolvePipelineBuilder.<>c__DisplayClass14_0.<BuildPipeline>b__1(ResolveRequestContext ctxt)
   at Autofac.Core.Resolving.Middleware.ActivatorErrorHandlingMiddleware.Execute(ResolveRequestContext context, Action`1 next)
   --- End of inner exception stack trace ---
   at Autofac.Core.Resolving.Middleware.ActivatorErrorHandlingMiddleware.Execute(ResolveRequestContext context, Action`1 next)
   at Autofac.Core.Resolving.Pipeline.ResolvePipelineBuilder.<>c__DisplayClass14_0.<BuildPipeline>b__1(ResolveRequestContext ctxt)
   at Autofac.Core.Pipeline.ResolvePipeline.Invoke(ResolveRequestContext ctxt)
   at Autofac.Core.Resolving.Middleware.RegistrationPipelineInvokeMiddleware.Execute(ResolveRequestContext context, Action`1 next)
   at Autofac.Core.Resolving.Pipeline.ResolvePipelineBuilder.<>c__DisplayClass14_0.<BuildPipeline>b__1(ResolveRequestContext ctxt)
   at Autofac.Core.Resolving.Middleware.SharingMiddleware.<>c__DisplayClass5_0.<Execute>b__0()
   at Autofac.Core.Lifetime.LifetimeScope.CreateSharedInstance(Guid id, Func`1 creator)
   at Autofac.Core.Lifetime.LifetimeScope.CreateSharedInstance(Guid primaryId, Nullable`1 qualifyingId, Func`1 creator)
   at Autofac.Core.Resolving.Middleware.SharingMiddleware.Execute(ResolveRequestContext context, Action`1 next)
   at Autofac.Core.Resolving.Pipeline.ResolvePipelineBuilder.<>c__DisplayClass14_0.<BuildPipeline>b__1(ResolveRequestContext ctxt)
   at Autofac.Core.Resolving.Pipeline.ResolvePipelineBuilder.<>c__DisplayClass14_0.<BuildPipeline>b__1(ResolveRequestContext ctxt)
   at Autofac.Core.Resolving.Middleware.CircularDependencyDetectorMiddleware.Execute(ResolveRequestContext context, Action`1 next)
   at Autofac.Core.Resolving.Pipeline.ResolvePipelineBuilder.<>c__DisplayClass14_0.<BuildPipeline>b__1(ResolveRequestContext ctxt)
   at Autofac.Core.Pipeline.ResolvePipeline.Invoke(ResolveRequestContext ctxt)
   at Autofac.Core.Resolving.ResolveOperation.GetOrCreateInstance(ISharingLifetimeScope currentOperationScope, ResolveRequest request)
   at Autofac.Core.Resolving.ResolveOperation.ExecuteOperation(ResolveRequest request)
   at Autofac.Core.Resolving.ResolveOperation.Execute(ResolveRequest request)
   at Autofac.Core.Lifetime.LifetimeScope.ResolveComponent(ResolveRequest request)
   at Autofac.ResolutionExtensions.TryResolveService(IComponentContext context, Service service, IEnumerable`1 parameters, Object& instance)
   at Autofac.ResolutionExtensions.ResolveOptionalService(IComponentContext context, Service service, IEnumerable`1 parameters)
   at Autofac.ResolutionExtensions.ResolveOptional(IComponentContext context, Type serviceType, IEnumerable`1 parameters)
   at Autofac.ResolutionExtensions.ResolveOptional(IComponentContext context, Type serviceType)
   at Autofac.Extensions.DependencyInjection.AutofacServiceProvider.GetService(Type serviceType)
   at Microsoft.Extensions.DependencyInjection.ActivatorUtilities.GetService(IServiceProvider sp, Type type, Type requiredBy, Boolean isDefaultParameterRequired)
   at lambda_method606(Closure , IServiceProvider , Object[] )
   at Microsoft.AspNetCore.Mvc.Infrastructure.TypeActivatorCache.CreateInstance[TInstance](IServiceProvider serviceProvider, Type implementationType)
   at Microsoft.AspNetCore.Mvc.Razor.Infrastructure.DefaultTagHelperActivator.Create[TTagHelper](ViewContext context)
   at Microsoft.AspNetCore.Mvc.Razor.DefaultTagHelperFactory.CreateTagHelper[TTagHelper](ViewContext context)
   at Microsoft.AspNetCore.Mvc.Razor.RazorPageBase.CreateTagHelper[TTagHelper]()
   at AspNetCore.Views_Shared_Register.<ExecuteAsync>b__38_4() in D:\#FinalProject\DataImporter - Copy\DataImporter\Views\Shared\Register.cshtml:line 67
   at Microsoft.AspNetCore.Razor.Runtime.TagHelpers.TagHelperExecutionContext.GetChildContentAsync(Boolean useCachedResult, HtmlEncoder encoder)
   at Microsoft.AspNetCore.Mvc.TagHelpers.RenderAtEndOfFormTagHelper.ProcessAsync(TagHelperContext context, TagHelperOutput output)
   at Microsoft.AspNetCore.Razor.Runtime.TagHelpers.TagHelperRunner.<RunAsync>g__Awaited|0_0(Task task, TagHelperExecutionContext executionContext, Int32 i, Int32 count)
   at AspNetCore.Views_Shared_Register.<ExecuteAsync>b__38_1()
   at Microsoft.AspNetCore.Razor.Runtime.TagHelpers.TagHelperExecutionContext.SetOutputContentAsync()
   at AspNetCore.Views_Shared_Register.ExecuteAsync() in D:\#FinalProject\DataImporter - Copy\DataImporter\Views\Shared\Register.cshtml:line 5
   at Microsoft.AspNetCore.Mvc.Razor.RazorView.RenderPageCoreAsync(IRazorPage page, ViewContext context)
   at Microsoft.AspNetCore.Mvc.Razor.RazorView.RenderPageAsync(IRazorPage page, ViewContext context, Boolean invokeViewStarts)
   at Microsoft.AspNetCore.Mvc.Razor.RazorView.RenderAsync(ViewContext context)
   at Microsoft.AspNetCore.Mvc.ViewFeatures.ViewExecutor.ExecuteAsync(ViewContext viewContext, String contentType, Nullable`1 statusCode)
   at Microsoft.AspNetCore.Mvc.ViewFeatures.ViewExecutor.ExecuteAsync(ViewContext viewContext, String contentType, Nullable`1 statusCode)
   at Microsoft.AspNetCore.Mvc.ViewFeatures.ViewExecutor.ExecuteAsync(ActionContext actionContext, IView view, ViewDataDictionary viewData, ITempDataDictionary tempData, String contentType, Nullable`1 statusCode)
   at Microsoft.AspNetCore.Mvc.ViewFeatures.ViewResultExecutor.ExecuteAsync(ActionContext context, ViewResult result)
   at Microsoft.AspNetCore.Mvc.ViewResult.ExecuteResultAsync(ActionContext context)
   at Microsoft.AspNetCore.Mvc.Infrastructure.ResourceInvoker.<InvokeNextResultFilterAsync>g__Awaited|29_0[TFilter,TFilterAsync](ResourceInvoker invoker, Task lastTask, State next, Scope scope, Object state, Boolean isCompleted)
   at Microsoft.AspNetCore.Mvc.Infrastructure.ResourceInvoker.Rethrow(ResultExecutedContextSealed context)
   at Microsoft.AspNetCore.Mvc.Infrastructure.ResourceInvoker.ResultNext[TFilter,TFilterAsync](State& next, Scope& scope, Object& state, Boolean& isCompleted)
   at Microsoft.AspNetCore.Mvc.Infrastructure.ResourceInvoker.InvokeResultFilters()
--- End of stack trace from previous location ---
   at Microsoft.AspNetCore.Mvc.Infrastructure.ResourceInvoker.<InvokeNextResourceFilter>g__Awaited|24_0(ResourceInvoker invoker, Task lastTask, State next, Scope scope, Object state, Boolean isCompleted)
   at Microsoft.AspNetCore.Mvc.Infrastructure.ResourceInvoker.Rethrow(ResourceExecutedContextSealed context)
   at Microsoft.AspNetCore.Mvc.Infrastructure.ResourceInvoker.Next(State& next, Scope& scope, Object& state, Boolean& isCompleted)
   at Microsoft.AspNetCore.Mvc.Infrastructure.ResourceInvoker.InvokeFilterPipelineAsync()
--- End of stack trace from previous location ---
   at Microsoft.AspNetCore.Mvc.Infrastructure.ResourceInvoker.<InvokeAsync>g__Awaited|17_0(ResourceInvoker invoker, Task task, IDisposable scope)
   at Microsoft.AspNetCore.Routing.EndpointMiddleware.<Invoke>g__AwaitRequestTask|6_0(Endpoint endpoint, Task requestTask, ILogger logger)
   at Microsoft.AspNetCore.Session.SessionMiddleware.Invoke(HttpContext context)
   at Microsoft.AspNetCore.Session.SessionMiddleware.Invoke(HttpContext context)
   at Microsoft.AspNetCore.Authorization.AuthorizationMiddleware.Invoke(HttpContext context)
   at Microsoft.AspNetCore.Authentication.AuthenticationMiddleware.Invoke(HttpContext context)
   at Microsoft.AspNetCore.Diagnostics.EntityFrameworkCore.MigrationsEndPointMiddleware.Invoke(HttpContext context)
   at Microsoft.AspNetCore.Diagnostics.DeveloperExceptionPageMiddleware.Invoke(HttpContext context)
2021-09-10 13:09:28.889 +06:00 [INF] Application Starting up
2021-09-10 13:09:32.343 +06:00 [ERR] An unhandled exception has occurred while executing the request.
Autofac.Core.DependencyResolutionException: An exception was thrown while activating DNTCaptcha.Core.CaptchaCryptoProvider.
 ---> Autofac.Core.DependencyResolutionException: An exception was thrown while invoking the constructor 'Void .ctor(Microsoft.Extensions.Options.IOptions`1[DNTCaptcha.Core.DNTCaptchaOptions])' on type 'CaptchaCryptoProvider'.
 ---> System.InvalidOperationException: Please set the `options.WithEncryptionKey(...)`.
   at DNTCaptcha.Core.CaptchaCryptoProvider.getDesKey(String key) in D:\Prog\1395\DNTCaptcha.Core\src\DNTCaptcha.Core\CaptchaCryptoProvider.cs:line 139
   at DNTCaptcha.Core.CaptchaCryptoProvider..ctor(IOptions`1 options) in D:\Prog\1395\DNTCaptcha.Core\src\DNTCaptcha.Core\CaptchaCryptoProvider.cs:line 28
   at lambda_method8(Closure , Object[] )
   at Autofac.Core.Activators.Reflection.BoundConstructor.Instantiate()
   --- End of inner exception stack trace ---
   at Autofac.Core.Activators.Reflection.BoundConstructor.Instantiate()
   at Autofac.Core.Activators.Reflection.ReflectionActivator.ActivateInstance(IComponentContext context, IEnumerable`1 parameters)
   at Autofac.Core.Activators.Reflection.ReflectionActivator.<ConfigurePipeline>b__11_0(ResolveRequestContext ctxt, Action`1 next)
   at Autofac.Core.Resolving.Middleware.DelegateMiddleware.Execute(ResolveRequestContext context, Action`1 next)
   at Autofac.Core.Resolving.Pipeline.ResolvePipelineBuilder.<>c__DisplayClass14_0.<BuildPipeline>b__1(ResolveRequestContext ctxt)
   at Autofac.Core.Resolving.Middleware.DisposalTrackingMiddleware.Execute(ResolveRequestContext context, Action`1 next)
   at Autofac.Core.Resolving.Pipeline.ResolvePipelineBuilder.<>c__DisplayClass14_0.<BuildPipeline>b__1(ResolveRequestContext ctxt)
   at Autofac.Core.Resolving.Middleware.ActivatorErrorHandlingMiddleware.Execute(ResolveRequestContext context, Action`1 next)
   --- End of inner exception stack trace ---
   at Autofac.Core.Resolving.Middleware.ActivatorErrorHandlingMiddleware.Execute(ResolveRequestContext context, Action`1 next)
   at Autofac.Core.Resolving.Pipeline.ResolvePipelineBuilder.<>c__DisplayClass14_0.<BuildPipeline>b__1(ResolveRequestContext ctxt)
   at Autofac.Core.Pipeline.ResolvePipeline.Invoke(ResolveRequestContext ctxt)
   at Autofac.Core.Resolving.Middleware.RegistrationPipelineInvokeMiddleware.Execute(ResolveRequestContext context, Action`1 next)
   at Autofac.Core.Resolving.Pipeline.ResolvePipelineBuilder.<>c__DisplayClass14_0.<BuildPipeline>b__1(ResolveRequestContext ctxt)
   at Autofac.Core.Resolving.Middleware.SharingMiddleware.<>c__DisplayClass5_0.<Execute>b__0()
   at Autofac.Core.Lifetime.LifetimeScope.CreateSharedInstance(Guid id, Func`1 creator)
   at Autofac.Core.Lifetime.LifetimeScope.CreateSharedInstance(Guid primaryId, Nullable`1 qualifyingId, Func`1 creator)
   at Autofac.Core.Resolving.Middleware.SharingMiddleware.Execute(ResolveRequestContext context, Action`1 next)
   at Autofac.Core.Resolving.Pipeline.ResolvePipelineBuilder.<>c__DisplayClass14_0.<BuildPipeline>b__1(ResolveRequestContext ctxt)
   at Autofac.Core.Resolving.Pipeline.ResolvePipelineBuilder.<>c__DisplayClass14_0.<BuildPipeline>b__1(ResolveRequestContext ctxt)
   at Autofac.Core.Resolving.Middleware.CircularDependencyDetectorMiddleware.Execute(ResolveRequestContext context, Action`1 next)
   at Autofac.Core.Resolving.Pipeline.ResolvePipelineBuilder.<>c__DisplayClass14_0.<BuildPipeline>b__1(ResolveRequestContext ctxt)
   at Autofac.Core.Pipeline.ResolvePipeline.Invoke(ResolveRequestContext ctxt)
   at Autofac.Core.Resolving.ResolveOperation.GetOrCreateInstance(ISharingLifetimeScope currentOperationScope, ResolveRequest request)
   at Autofac.Core.Resolving.ResolveOperation.ExecuteOperation(ResolveRequest request)
   at Autofac.Core.Resolving.ResolveOperation.Execute(ResolveRequest request)
   at Autofac.Core.Lifetime.LifetimeScope.ResolveComponent(ResolveRequest request)
   at Autofac.ResolutionExtensions.TryResolveService(IComponentContext context, Service service, IEnumerable`1 parameters, Object& instance)
   at Autofac.ResolutionExtensions.ResolveOptionalService(IComponentContext context, Service service, IEnumerable`1 parameters)
   at Autofac.ResolutionExtensions.ResolveOptional(IComponentContext context, Type serviceType, IEnumerable`1 parameters)
   at Autofac.ResolutionExtensions.ResolveOptional(IComponentContext context, Type serviceType)
   at Autofac.Extensions.DependencyInjection.AutofacServiceProvider.GetService(Type serviceType)
   at Microsoft.Extensions.DependencyInjection.ActivatorUtilities.GetService(IServiceProvider sp, Type type, Type requiredBy, Boolean isDefaultParameterRequired)
   at lambda_method606(Closure , IServiceProvider , Object[] )
   at Microsoft.AspNetCore.Mvc.Infrastructure.TypeActivatorCache.CreateInstance[TInstance](IServiceProvider serviceProvider, Type implementationType)
   at Microsoft.AspNetCore.Mvc.Razor.Infrastructure.DefaultTagHelperActivator.Create[TTagHelper](ViewContext context)
   at Microsoft.AspNetCore.Mvc.Razor.DefaultTagHelperFactory.CreateTagHelper[TTagHelper](ViewContext context)
   at Microsoft.AspNetCore.Mvc.Razor.RazorPageBase.CreateTagHelper[TTagHelper]()
   at AspNetCore.Views_Shared_Register.<ExecuteAsync>b__37_4() in D:\#FinalProject\DataImporter - Copy\DataImporter\Views\Shared\Register.cshtml:line 67
   at Microsoft.AspNetCore.Razor.Runtime.TagHelpers.TagHelperExecutionContext.GetChildContentAsync(Boolean useCachedResult, HtmlEncoder encoder)
   at Microsoft.AspNetCore.Mvc.TagHelpers.RenderAtEndOfFormTagHelper.ProcessAsync(TagHelperContext context, TagHelperOutput output)
   at Microsoft.AspNetCore.Razor.Runtime.TagHelpers.TagHelperRunner.<RunAsync>g__Awaited|0_0(Task task, TagHelperExecutionContext executionContext, Int32 i, Int32 count)
   at AspNetCore.Views_Shared_Register.<ExecuteAsync>b__37_1()
   at Microsoft.AspNetCore.Razor.Runtime.TagHelpers.TagHelperExecutionContext.SetOutputContentAsync()
   at AspNetCore.Views_Shared_Register.ExecuteAsync() in D:\#FinalProject\DataImporter - Copy\DataImporter\Views\Shared\Register.cshtml:line 5
   at Microsoft.AspNetCore.Mvc.Razor.RazorView.RenderPageCoreAsync(IRazorPage page, ViewContext context)
   at Microsoft.AspNetCore.Mvc.Razor.RazorView.RenderPageAsync(IRazorPage page, ViewContext context, Boolean invokeViewStarts)
   at Microsoft.AspNetCore.Mvc.Razor.RazorView.RenderAsync(ViewContext context)
   at Microsoft.AspNetCore.Mvc.ViewFeatures.ViewExecutor.ExecuteAsync(ViewContext viewContext, String contentType, Nullable`1 statusCode)
   at Microsoft.AspNetCore.Mvc.ViewFeatures.ViewExecutor.ExecuteAsync(ViewContext viewContext, String contentType, Nullable`1 statusCode)
   at Microsoft.AspNetCore.Mvc.ViewFeatures.ViewExecutor.ExecuteAsync(ActionContext actionContext, IView view, ViewDataDictionary viewData, ITempDataDictionary tempData, String contentType, Nullable`1 statusCode)
   at Microsoft.AspNetCore.Mvc.ViewFeatures.ViewResultExecutor.ExecuteAsync(ActionContext context, ViewResult result)
   at Microsoft.AspNetCore.Mvc.ViewResult.ExecuteResultAsync(ActionContext context)
   at Microsoft.AspNetCore.Mvc.Infrastructure.ResourceInvoker.<InvokeNextResultFilterAsync>g__Awaited|29_0[TFilter,TFilterAsync](ResourceInvoker invoker, Task lastTask, State next, Scope scope, Object state, Boolean isCompleted)
   at Microsoft.AspNetCore.Mvc.Infrastructure.ResourceInvoker.Rethrow(ResultExecutedContextSealed context)
   at Microsoft.AspNetCore.Mvc.Infrastructure.ResourceInvoker.ResultNext[TFilter,TFilterAsync](State& next, Scope& scope, Object& state, Boolean& isCompleted)
   at Microsoft.AspNetCore.Mvc.Infrastructure.ResourceInvoker.InvokeResultFilters()
--- End of stack trace from previous location ---
   at Microsoft.AspNetCore.Mvc.Infrastructure.ResourceInvoker.<InvokeNextResourceFilter>g__Awaited|24_0(ResourceInvoker invoker, Task lastTask, State next, Scope scope, Object state, Boolean isCompleted)
   at Microsoft.AspNetCore.Mvc.Infrastructure.ResourceInvoker.Rethrow(ResourceExecutedContextSealed context)
   at Microsoft.AspNetCore.Mvc.Infrastructure.ResourceInvoker.Next(State& next, Scope& scope, Object& state, Boolean& isCompleted)
   at Microsoft.AspNetCore.Mvc.Infrastructure.ResourceInvoker.InvokeFilterPipelineAsync()
--- End of stack trace from previous location ---
   at Microsoft.AspNetCore.Mvc.Infrastructure.ResourceInvoker.<InvokeAsync>g__Awaited|17_0(ResourceInvoker invoker, Task task, IDisposable scope)
   at Microsoft.AspNetCore.Routing.EndpointMiddleware.<Invoke>g__AwaitRequestTask|6_0(Endpoint endpoint, Task requestTask, ILogger logger)
   at Microsoft.AspNetCore.Session.SessionMiddleware.Invoke(HttpContext context)
   at Microsoft.AspNetCore.Session.SessionMiddleware.Invoke(HttpContext context)
   at Microsoft.AspNetCore.Authorization.AuthorizationMiddleware.Invoke(HttpContext context)
   at Microsoft.AspNetCore.Authentication.AuthenticationMiddleware.Invoke(HttpContext context)
   at Microsoft.AspNetCore.Diagnostics.EntityFrameworkCore.MigrationsEndPointMiddleware.Invoke(HttpContext context)
   at Microsoft.AspNetCore.Diagnostics.DeveloperExceptionPageMiddleware.Invoke(HttpContext context)
2021-09-10 13:10:26.950 +06:00 [INF] Application Starting up
2021-09-10 13:10:40.994 +06:00 [DBG] Using the CookieCaptchaStorageProvider.
2021-09-10 13:10:40.998 +06:00 [DBG] Using the InMemorySerializationProvider.
2021-09-10 13:26:33.968 +06:00 [INF] Application Starting up
2021-09-10 13:26:37.148 +06:00 [DBG] Using the CookieCaptchaStorageProvider.
2021-09-10 13:26:37.258 +06:00 [DBG] Using the InMemorySerializationProvider.
2021-09-10 13:28:25.401 +06:00 [DBG] 554809 != 123456
2021-09-10 13:29:47.601 +06:00 [INF] Application Starting up
2021-09-10 13:29:50.997 +06:00 [DBG] Using the CookieCaptchaStorageProvider.
2021-09-10 13:29:51.107 +06:00 [DBG] Using the InMemorySerializationProvider.
2021-09-10 13:31:18.262 +06:00 [INF] Application Starting up
2021-09-10 13:31:21.496 +06:00 [DBG] Using the CookieCaptchaStorageProvider.
2021-09-10 13:31:21.587 +06:00 [DBG] Using the InMemorySerializationProvider.
2021-09-10 13:31:48.415 +06:00 [DBG] inputText is not a number.
2021-09-10 13:32:58.762 +06:00 [INF] Application Starting up
2021-09-10 13:33:02.097 +06:00 [DBG] Using the CookieCaptchaStorageProvider.
2021-09-10 13:33:02.192 +06:00 [DBG] Using the InMemorySerializationProvider.
2021-09-10 13:35:34.004 +06:00 [INF] Application Starting up
2021-09-10 13:35:37.995 +06:00 [DBG] Using the CookieCaptchaStorageProvider.
2021-09-10 13:35:38.109 +06:00 [DBG] Using the InMemorySerializationProvider.
2021-09-10 13:37:17.344 +06:00 [INF] Application Starting up
2021-09-10 13:37:20.656 +06:00 [DBG] Using the CookieCaptchaStorageProvider.
2021-09-10 13:37:20.752 +06:00 [DBG] Using the InMemorySerializationProvider.
2021-09-10 13:37:41.801 +06:00 [INF] Application Starting up
2021-09-10 13:37:44.819 +06:00 [DBG] Using the CookieCaptchaStorageProvider.
2021-09-10 13:37:44.929 +06:00 [DBG] Using the InMemorySerializationProvider.
2021-09-10 13:37:57.077 +06:00 [INF] Application Starting up
2021-09-10 13:38:00.651 +06:00 [DBG] Using the CookieCaptchaStorageProvider.
2021-09-10 13:38:00.763 +06:00 [DBG] Using the InMemorySerializationProvider.
2021-09-10 13:38:51.747 +06:00 [INF] Application Starting up
2021-09-10 13:38:55.158 +06:00 [DBG] Using the CookieCaptchaStorageProvider.
2021-09-10 13:38:55.251 +06:00 [DBG] Using the InMemorySerializationProvider.
2021-09-10 13:41:19.358 +06:00 [INF] Application Starting up
2021-09-10 13:41:22.171 +06:00 [DBG] Using the CookieCaptchaStorageProvider.
2021-09-10 13:41:22.289 +06:00 [DBG] Using the InMemorySerializationProvider.
2021-09-10 13:42:22.402 +06:00 [INF] Application Starting up
2021-09-10 13:42:25.862 +06:00 [DBG] Using the CookieCaptchaStorageProvider.
2021-09-10 13:42:25.965 +06:00 [DBG] Using the InMemorySerializationProvider.
2021-09-10 13:44:34.418 +06:00 [INF] Application Starting up
2021-09-10 13:44:37.398 +06:00 [DBG] Using the CookieCaptchaStorageProvider.
2021-09-10 13:44:37.494 +06:00 [DBG] Using the InMemorySerializationProvider.
2021-09-10 13:44:37.654 +06:00 [ERR] Failed to show the captcha image.
System.ArgumentException: #white is not a valid value for Int32. (Parameter 'htmlColor')
 ---> System.ArgumentException: #white is not a valid value for Int32.
 ---> System.FormatException: Could not find any recognizable digits.
   at System.ParseNumbers.StringToInt(ReadOnlySpan`1 s, Int32 radix, Int32 flags, Int32& currPos)
   at System.Convert.ToInt32(String value, Int32 fromBase)
   at System.Drawing.ColorConverterCommon.IntFromString(String text, CultureInfo culture)
   --- End of inner exception stack trace ---
   at System.Drawing.ColorConverterCommon.IntFromString(String text, CultureInfo culture)
   at System.Drawing.ColorConverterCommon.ConvertFromString(String strValue, CultureInfo culture)
   at System.Drawing.ColorTranslator.FromHtml(String htmlColor)
   --- End of inner exception stack trace ---
   at System.Drawing.ColorTranslator.FromHtml(String htmlColor)
   at DNTCaptcha.Core.CaptchaImageProvider.<>c__DisplayClass3_0.<DrawCaptcha>b__0(Font captchaFont) in D:\Prog\1395\DNTCaptcha.Core\src\DNTCaptcha.Core\CaptchaImageProvider.cs:line 37
   at DNTCaptcha.Core.CaptchaImageProvider.useFont(String fontName, Single fontSize, Func`2 action) in D:\Prog\1395\DNTCaptcha.Core\src\DNTCaptcha.Core\CaptchaImageProvider.cs:line 152
   at DNTCaptcha.Core.CaptchaImageProvider.DrawCaptcha(String message, String foreColor, String backColor, Single fontSize, String fontName) in D:\Prog\1395\DNTCaptcha.Core\src\DNTCaptcha.Core\CaptchaImageProvider.cs:line 35
   at DNTCaptcha.Core.DNTCaptchaImageController.Show(String data) in D:\Prog\1395\DNTCaptcha.Core\src\DNTCaptcha.Core\DNTCaptchaImageController.cs:line 183
2021-09-10 13:45:03.642 +06:00 [INF] Application Starting up
2021-09-10 13:45:06.537 +06:00 [DBG] Using the CookieCaptchaStorageProvider.
2021-09-10 13:45:06.650 +06:00 [DBG] Using the InMemorySerializationProvider.
2021-09-10 13:45:06.819 +06:00 [ERR] Failed to show the captcha image.
System.ArgumentException: #white is not a valid value for Int32. (Parameter 'htmlColor')
 ---> System.ArgumentException: #white is not a valid value for Int32.
 ---> System.FormatException: Could not find any recognizable digits.
   at System.ParseNumbers.StringToInt(ReadOnlySpan`1 s, Int32 radix, Int32 flags, Int32& currPos)
   at System.Convert.ToInt32(String value, Int32 fromBase)
   at System.Drawing.ColorConverterCommon.IntFromString(String text, CultureInfo culture)
   --- End of inner exception stack trace ---
   at System.Drawing.ColorConverterCommon.IntFromString(String text, CultureInfo culture)
   at System.Drawing.ColorConverterCommon.ConvertFromString(String strValue, CultureInfo culture)
   at System.Drawing.ColorTranslator.FromHtml(String htmlColor)
   --- End of inner exception stack trace ---
   at System.Drawing.ColorTranslator.FromHtml(String htmlColor)
   at DNTCaptcha.Core.CaptchaImageProvider.<>c__DisplayClass3_0.<DrawCaptcha>b__0(Font captchaFont) in D:\Prog\1395\DNTCaptcha.Core\src\DNTCaptcha.Core\CaptchaImageProvider.cs:line 37
   at DNTCaptcha.Core.CaptchaImageProvider.useFont(String fontName, Single fontSize, Func`2 action) in D:\Prog\1395\DNTCaptcha.Core\src\DNTCaptcha.Core\CaptchaImageProvider.cs:line 152
   at DNTCaptcha.Core.CaptchaImageProvider.DrawCaptcha(String message, String foreColor, String backColor, Single fontSize, String fontName) in D:\Prog\1395\DNTCaptcha.Core\src\DNTCaptcha.Core\CaptchaImageProvider.cs:line 35
   at DNTCaptcha.Core.DNTCaptchaImageController.Show(String data) in D:\Prog\1395\DNTCaptcha.Core\src\DNTCaptcha.Core\DNTCaptchaImageController.cs:line 183
2021-09-10 13:46:41.659 +06:00 [INF] Application Starting up
2021-09-10 13:46:44.357 +06:00 [DBG] Using the CookieCaptchaStorageProvider.
2021-09-10 13:46:44.453 +06:00 [DBG] Using the InMemorySerializationProvider.
2021-09-10 13:47:11.028 +06:00 [INF] Application Starting up
2021-09-10 13:47:13.829 +06:00 [DBG] Using the CookieCaptchaStorageProvider.
2021-09-10 13:47:13.925 +06:00 [DBG] Using the InMemorySerializationProvider.
2021-09-10 13:49:57.301 +06:00 [INF] Application Starting up
2021-09-10 13:50:00.392 +06:00 [DBG] Using the CookieCaptchaStorageProvider.
2021-09-10 13:50:00.489 +06:00 [DBG] Using the InMemorySerializationProvider.
2021-09-10 13:50:18.497 +06:00 [INF] Application Starting up
2021-09-10 13:50:21.841 +06:00 [DBG] Using the CookieCaptchaStorageProvider.
2021-09-10 13:50:21.949 +06:00 [DBG] Using the InMemorySerializationProvider.
2021-09-10 13:50:58.409 +06:00 [INF] Application Starting up
2021-09-10 13:51:01.371 +06:00 [DBG] Using the CookieCaptchaStorageProvider.
2021-09-10 13:51:01.463 +06:00 [DBG] Using the InMemorySerializationProvider.
2021-09-10 13:57:27.051 +06:00 [INF] Application Starting up
2021-09-10 13:57:30.282 +06:00 [DBG] Using the CookieCaptchaStorageProvider.
2021-09-10 13:57:30.383 +06:00 [DBG] Using the InMemorySerializationProvider.
2021-09-10 13:59:15.927 +06:00 [INF] Application Starting up
2021-09-10 13:59:19.338 +06:00 [DBG] Using the CookieCaptchaStorageProvider.
2021-09-10 13:59:19.430 +06:00 [DBG] Using the InMemorySerializationProvider.
2021-09-10 14:03:03.929 +06:00 [INF] Application Starting up
2021-09-10 14:03:06.576 +06:00 [DBG] Using the CookieCaptchaStorageProvider.
2021-09-10 14:03:06.671 +06:00 [DBG] Using the InMemorySerializationProvider.
2021-09-10 14:03:26.467 +06:00 [INF] Application Starting up
2021-09-10 14:03:29.378 +06:00 [DBG] Using the CookieCaptchaStorageProvider.
2021-09-10 14:03:29.494 +06:00 [DBG] Using the InMemorySerializationProvider.
2021-09-10 14:03:43.728 +06:00 [INF] Application Starting up
2021-09-10 14:03:46.816 +06:00 [DBG] Using the CookieCaptchaStorageProvider.
2021-09-10 14:03:46.912 +06:00 [DBG] Using the InMemorySerializationProvider.
2021-09-10 14:04:40.956 +06:00 [INF] Application Starting up
2021-09-10 14:04:44.375 +06:00 [DBG] Using the CookieCaptchaStorageProvider.
2021-09-10 14:04:44.469 +06:00 [DBG] Using the InMemorySerializationProvider.
2021-09-10 14:07:20.678 +06:00 [INF] Application Starting up
2021-09-10 14:07:23.904 +06:00 [DBG] Using the CookieCaptchaStorageProvider.
2021-09-10 14:07:24.004 +06:00 [DBG] Using the InMemorySerializationProvider.
2021-09-10 14:08:33.132 +06:00 [INF] Application Starting up
2021-09-10 14:08:36.454 +06:00 [DBG] Using the CookieCaptchaStorageProvider.
2021-09-10 14:08:36.548 +06:00 [DBG] Using the InMemorySerializationProvider.
2021-09-10 14:11:15.068 +06:00 [INF] Application Starting up
2021-09-10 14:11:18.161 +06:00 [DBG] Using the CookieCaptchaStorageProvider.
2021-09-10 14:11:18.268 +06:00 [DBG] Using the InMemorySerializationProvider.
2021-09-10 14:11:35.377 +06:00 [DBG] 630396 != 63096
2021-09-10 14:11:55.424 +06:00 [INF] Application Starting up
2021-09-10 14:11:59.077 +06:00 [DBG] Using the CookieCaptchaStorageProvider.
2021-09-10 14:11:59.188 +06:00 [DBG] Using the InMemorySerializationProvider.
2021-09-10 14:13:34.885 +06:00 [INF] Application Starting up
2021-09-10 14:13:37.989 +06:00 [DBG] Using the CookieCaptchaStorageProvider.
2021-09-10 14:13:38.084 +06:00 [DBG] Using the InMemorySerializationProvider.
2021-09-10 14:14:01.372 +06:00 [INF] Application Starting up
2021-09-10 14:14:08.318 +06:00 [DBG] Using the CookieCaptchaStorageProvider.
2021-09-10 14:14:08.409 +06:00 [DBG] Using the InMemorySerializationProvider.
2021-09-10 14:16:10.003 +06:00 [INF] Application Starting up
2021-09-10 14:16:20.797 +06:00 [DBG] Using the CookieCaptchaStorageProvider.
2021-09-10 14:16:20.892 +06:00 [DBG] Using the InMemorySerializationProvider.
2021-09-10 14:18:05.713 +06:00 [INF] Application Starting up
2021-09-10 14:18:29.405 +06:00 [DBG] Using the CookieCaptchaStorageProvider.
2021-09-10 14:18:29.500 +06:00 [DBG] Using the InMemorySerializationProvider.
2021-09-10 14:19:42.735 +06:00 [INF] Application Starting up
2021-09-10 14:19:53.012 +06:00 [DBG] Using the CookieCaptchaStorageProvider.
2021-09-10 14:19:53.118 +06:00 [DBG] Using the InMemorySerializationProvider.
2021-09-10 14:21:41.305 +06:00 [INF] User logged in.
2021-09-10 14:21:44.404 +06:00 [INF] User logged out.
2021-09-10 14:22:42.829 +06:00 [INF] Application Starting up
2021-09-10 14:22:46.132 +06:00 [DBG] Using the CookieCaptchaStorageProvider.
2021-09-10 14:22:46.233 +06:00 [DBG] Using the InMemorySerializationProvider.
2021-09-10 16:09:43.444 +06:00 [INF] Application Starting up
2021-09-10 16:09:51.265 +06:00 [DBG] Using the CookieCaptchaStorageProvider.
2021-09-10 16:09:51.356 +06:00 [DBG] Using the InMemorySerializationProvider.
2021-09-10 16:10:17.413 +06:00 [WRN] User validation failed: DuplicateUserName.
2021-09-10 16:11:55.972 +06:00 [WRN] User validation failed: DuplicateUserName.
2021-09-10 16:14:16.574 +06:00 [INF] Application Starting up
2021-09-10 16:14:19.978 +06:00 [DBG] Using the CookieCaptchaStorageProvider.
2021-09-10 16:14:20.086 +06:00 [DBG] Using the InMemorySerializationProvider.
2021-09-10 16:15:11.090 +06:00 [INF] User logged in.
2021-09-10 22:03:06.682 +06:00 [INF] Application Starting up
2021-09-10 22:03:13.955 +06:00 [DBG] Using the CookieCaptchaStorageProvider.
2021-09-10 22:03:14.078 +06:00 [DBG] Using the InMemorySerializationProvider.
2021-09-10 22:04:27.986 +06:00 [WRN] User validation failed: DuplicateUserName.
2021-09-10 22:04:55.675 +06:00 [WRN] User validation failed: DuplicateUserName.
2021-09-10 22:06:16.577 +06:00 [INF] User logged in.
